[1.177s] Invoking command in '/home/cc/ee106a/fa25/class/ee106a-acy/ros_workspaces/lab7/src/perception': PYTHONPATH=/home/cc/ee106a/fa25/class/ee106a-acy/ros_workspaces/lab7/build/perception/prefix_override:/usr/lib/python3/dist-packages/colcon_core/task/python/colcon_distutils_commands:/home/cc/ee106a/fa25/class/ee106a-acy/ros_workspaces/lab7/install/perception/lib/python3.10/site-packages:${PYTHONPATH} /usr/bin/python3 -W ignore:setup.py install is deprecated -W ignore:easy_install command is deprecated setup.py egg_info --egg-base ../../build/perception build --build-base /home/cc/ee106a/fa25/class/ee106a-acy/ros_workspaces/lab7/build/perception/build install --record /home/cc/ee106a/fa25/class/ee106a-acy/ros_workspaces/lab7/build/perception/install.log --single-version-externally-managed install_data
[1.375s] running egg_info
[1.376s] writing ../../build/perception/perception.egg-info/PKG-INFO
[1.379s] writing dependency_links to ../../build/perception/perception.egg-info/dependency_links.txt
[1.381s] writing entry points to ../../build/perception/perception.egg-info/entry_points.txt
[1.384s] writing requirements to ../../build/perception/perception.egg-info/requires.txt
[1.386s] writing top-level names to ../../build/perception/perception.egg-info/top_level.txt
[1.393s] reading manifest file '../../build/perception/perception.egg-info/SOURCES.txt'
[1.396s] writing manifest file '../../build/perception/perception.egg-info/SOURCES.txt'
[1.398s] running build
[1.398s] running build_py
[1.401s] running install
[1.401s] running install_lib
[1.405s] running install_data
[1.406s] running install_egg_info
[1.408s] removing '/home/cc/ee106a/fa25/class/ee106a-acy/ros_workspaces/lab7/install/perception/lib/python3.10/site-packages/perception-0.0.0-py3.10.egg-info' (and everything under it)
[1.414s] Copying ../../build/perception/perception.egg-info to /home/cc/ee106a/fa25/class/ee106a-acy/ros_workspaces/lab7/install/perception/lib/python3.10/site-packages/perception-0.0.0-py3.10.egg-info
[1.444s] running install_scripts
[1.465s] Installing interactive_plane script to /home/cc/ee106a/fa25/class/ee106a-acy/ros_workspaces/lab7/install/perception/lib/perception
[1.468s] Installing process_pointcloud script to /home/cc/ee106a/fa25/class/ee106a-acy/ros_workspaces/lab7/install/perception/lib/perception
[1.471s] writing list of installed files to '/home/cc/ee106a/fa25/class/ee106a-acy/ros_workspaces/lab7/build/perception/install.log'
[1.488s] Invoked command in '/home/cc/ee106a/fa25/class/ee106a-acy/ros_workspaces/lab7/src/perception' returned '0': PYTHONPATH=/home/cc/ee106a/fa25/class/ee106a-acy/ros_workspaces/lab7/build/perception/prefix_override:/usr/lib/python3/dist-packages/colcon_core/task/python/colcon_distutils_commands:/home/cc/ee106a/fa25/class/ee106a-acy/ros_workspaces/lab7/install/perception/lib/python3.10/site-packages:${PYTHONPATH} /usr/bin/python3 -W ignore:setup.py install is deprecated -W ignore:easy_install command is deprecated setup.py egg_info --egg-base ../../build/perception build --build-base /home/cc/ee106a/fa25/class/ee106a-acy/ros_workspaces/lab7/build/perception/build install --record /home/cc/ee106a/fa25/class/ee106a-acy/ros_workspaces/lab7/build/perception/install.log --single-version-externally-managed install_data
