[1.224s] Invoking command in '/home/cc/ee106a/fa25/class/ee106a-acy/ros_workspaces/lab7/src/planning': PYTHONPATH=/home/cc/ee106a/fa25/class/ee106a-acy/ros_workspaces/lab7/build/planning/prefix_override:/usr/lib/python3/dist-packages/colcon_core/task/python/colcon_distutils_commands:/home/cc/ee106a/fa25/class/ee106a-acy/ros_workspaces/lab7/install/planning/lib/python3.10/site-packages:${PYTHONPATH} /usr/bin/python3 -W ignore:setup.py install is deprecated -W ignore:easy_install command is deprecated setup.py egg_info --egg-base ../../build/planning build --build-base /home/cc/ee106a/fa25/class/ee106a-acy/ros_workspaces/lab7/build/planning/build install --record /home/cc/ee106a/fa25/class/ee106a-acy/ros_workspaces/lab7/build/planning/install.log --single-version-externally-managed install_data
[1.415s] running egg_info
[1.416s] creating ../../build/planning/planning.egg-info
[1.417s] writing ../../build/planning/planning.egg-info/PKG-INFO
[1.424s] writing dependency_links to ../../build/planning/planning.egg-info/dependency_links.txt
[1.426s] writing entry points to ../../build/planning/planning.egg-info/entry_points.txt
[1.428s] writing requirements to ../../build/planning/planning.egg-info/requires.txt
[1.430s] writing top-level names to ../../build/planning/planning.egg-info/top_level.txt
[1.433s] writing manifest file '../../build/planning/planning.egg-info/SOURCES.txt'
[1.441s] reading manifest file '../../build/planning/planning.egg-info/SOURCES.txt'
[1.443s] writing manifest file '../../build/planning/planning.egg-info/SOURCES.txt'
[1.446s] running build
[1.446s] running build_py
[1.447s] creating /home/cc/ee106a/fa25/class/ee106a-acy/ros_workspaces/lab7/build/planning/build
[1.447s] creating /home/cc/ee106a/fa25/class/ee106a-acy/ros_workspaces/lab7/build/planning/build/lib
[1.448s] creating /home/cc/ee106a/fa25/class/ee106a-acy/ros_workspaces/lab7/build/planning/build/lib/planning
[1.450s] copying planning/ik.py -> /home/cc/ee106a/fa25/class/ee106a-acy/ros_workspaces/lab7/build/planning/build/lib/planning
[1.456s] copying planning/transform_cube_pose.py -> /home/cc/ee106a/fa25/class/ee106a-acy/ros_workspaces/lab7/build/planning/build/lib/planning
[1.461s] copying planning/static_tf_transform.py -> /home/cc/ee106a/fa25/class/ee106a-acy/ros_workspaces/lab7/build/planning/build/lib/planning
[1.467s] copying planning/__init__.py -> /home/cc/ee106a/fa25/class/ee106a-acy/ros_workspaces/lab7/build/planning/build/lib/planning
[1.471s] copying planning/main.py -> /home/cc/ee106a/fa25/class/ee106a-acy/ros_workspaces/lab7/build/planning/build/lib/planning
[1.476s] running install
[1.476s] running install_lib
[1.480s] creating /home/cc/ee106a/fa25/class/ee106a-acy/ros_workspaces/lab7/install/planning/lib/python3.10/site-packages/planning
[1.482s] copying /home/cc/ee106a/fa25/class/ee106a-acy/ros_workspaces/lab7/build/planning/build/lib/planning/ik.py -> /home/cc/ee106a/fa25/class/ee106a-acy/ros_workspaces/lab7/install/planning/lib/python3.10/site-packages/planning
[1.487s] copying /home/cc/ee106a/fa25/class/ee106a-acy/ros_workspaces/lab7/build/planning/build/lib/planning/transform_cube_pose.py -> /home/cc/ee106a/fa25/class/ee106a-acy/ros_workspaces/lab7/install/planning/lib/python3.10/site-packages/planning
[1.493s] copying /home/cc/ee106a/fa25/class/ee106a-acy/ros_workspaces/lab7/build/planning/build/lib/planning/static_tf_transform.py -> /home/cc/ee106a/fa25/class/ee106a-acy/ros_workspaces/lab7/install/planning/lib/python3.10/site-packages/planning
[1.499s] copying /home/cc/ee106a/fa25/class/ee106a-acy/ros_workspaces/lab7/build/planning/build/lib/planning/__init__.py -> /home/cc/ee106a/fa25/class/ee106a-acy/ros_workspaces/lab7/install/planning/lib/python3.10/site-packages/planning
[1.504s] copying /home/cc/ee106a/fa25/class/ee106a-acy/ros_workspaces/lab7/build/planning/build/lib/planning/main.py -> /home/cc/ee106a/fa25/class/ee106a-acy/ros_workspaces/lab7/install/planning/lib/python3.10/site-packages/planning
[1.512s] byte-compiling /home/cc/ee106a/fa25/class/ee106a-acy/ros_workspaces/lab7/install/planning/lib/python3.10/site-packages/planning/ik.py to ik.cpython-310.pyc
[1.522s] byte-compiling /home/cc/ee106a/fa25/class/ee106a-acy/ros_workspaces/lab7/install/planning/lib/python3.10/site-packages/planning/transform_cube_pose.py to transform_cube_pose.cpython-310.pyc
[1.531s] byte-compiling /home/cc/ee106a/fa25/class/ee106a-acy/ros_workspaces/lab7/install/planning/lib/python3.10/site-packages/planning/static_tf_transform.py to static_tf_transform.cpython-310.pyc
[1.538s] byte-compiling /home/cc/ee106a/fa25/class/ee106a-acy/ros_workspaces/lab7/install/planning/lib/python3.10/site-packages/planning/__init__.py to __init__.cpython-310.pyc
[1.544s] byte-compiling /home/cc/ee106a/fa25/class/ee106a-acy/ros_workspaces/lab7/install/planning/lib/python3.10/site-packages/planning/main.py to main.cpython-310.pyc
[1.549s] running install_data
[1.550s] creating /home/cc/ee106a/fa25/class/ee106a-acy/ros_workspaces/lab7/install/planning/share/ament_index
[1.550s] creating /home/cc/ee106a/fa25/class/ee106a-acy/ros_workspaces/lab7/install/planning/share/ament_index/resource_index
[1.551s] creating /home/cc/ee106a/fa25/class/ee106a-acy/ros_workspaces/lab7/install/planning/share/ament_index/resource_index/packages
[1.553s] copying resource/planning -> /home/cc/ee106a/fa25/class/ee106a-acy/ros_workspaces/lab7/install/planning/share/ament_index/resource_index/packages
[1.557s] copying package.xml -> /home/cc/ee106a/fa25/class/ee106a-acy/ros_workspaces/lab7/install/planning/share/planning
[1.561s] creating /home/cc/ee106a/fa25/class/ee106a-acy/ros_workspaces/lab7/install/planning/share/planning/launch
[1.562s] copying launch/lab7_bringup.launch.py -> /home/cc/ee106a/fa25/class/ee106a-acy/ros_workspaces/lab7/install/planning/share/planning/launch
[1.565s] running install_egg_info
[1.568s] Copying ../../build/planning/planning.egg-info to /home/cc/ee106a/fa25/class/ee106a-acy/ros_workspaces/lab7/install/planning/lib/python3.10/site-packages/planning-0.0.0-py3.10.egg-info
[1.604s] running install_scripts
[1.626s] Installing ik script to /home/cc/ee106a/fa25/class/ee106a-acy/ros_workspaces/lab7/install/planning/lib/planning
[1.629s] Installing main script to /home/cc/ee106a/fa25/class/ee106a-acy/ros_workspaces/lab7/install/planning/lib/planning
[1.631s] Installing tf script to /home/cc/ee106a/fa25/class/ee106a-acy/ros_workspaces/lab7/install/planning/lib/planning
[1.634s] Installing transform_cube_pose script to /home/cc/ee106a/fa25/class/ee106a-acy/ros_workspaces/lab7/install/planning/lib/planning
[1.636s] writing list of installed files to '/home/cc/ee106a/fa25/class/ee106a-acy/ros_workspaces/lab7/build/planning/install.log'
[1.688s] Invoked command in '/home/cc/ee106a/fa25/class/ee106a-acy/ros_workspaces/lab7/src/planning' returned '0': PYTHONPATH=/home/cc/ee106a/fa25/class/ee106a-acy/ros_workspaces/lab7/build/planning/prefix_override:/usr/lib/python3/dist-packages/colcon_core/task/python/colcon_distutils_commands:/home/cc/ee106a/fa25/class/ee106a-acy/ros_workspaces/lab7/install/planning/lib/python3.10/site-packages:${PYTHONPATH} /usr/bin/python3 -W ignore:setup.py install is deprecated -W ignore:easy_install command is deprecated setup.py egg_info --egg-base ../../build/planning build --build-base /home/cc/ee106a/fa25/class/ee106a-acy/ros_workspaces/lab7/build/planning/build install --record /home/cc/ee106a/fa25/class/ee106a-acy/ros_workspaces/lab7/build/planning/install.log --single-version-externally-managed install_data
