[1.397s] Invoking command in '/home/cc/ee106a/fa25/class/ee106a-ahn/ros_workspaces/proj/EECS106A_TetrisBot/lab7/src/ros2_aruco/ros2_aruco': PYTHONPATH=/home/cc/ee106a/fa25/class/ee106a-ahn/ros_workspaces/proj/EECS106A_TetrisBot/lab7/build/ros2_aruco/prefix_override:/usr/lib/python3/dist-packages/colcon_core/task/python/colcon_distutils_commands:/home/cc/ee106a/fa25/class/ee106a-ahn/ros_workspaces/proj/EECS106A_TetrisBot/lab7/install/ros2_aruco/lib/python3.10/site-packages:${PYTHONPATH} /usr/bin/python3 -W ignore:setup.py install is deprecated -W ignore:easy_install command is deprecated setup.py egg_info --egg-base ../../../build/ros2_aruco build --build-base /home/cc/ee106a/fa25/class/ee106a-ahn/ros_workspaces/proj/EECS106A_TetrisBot/lab7/build/ros2_aruco/build install --record /home/cc/ee106a/fa25/class/ee106a-ahn/ros_workspaces/proj/EECS106A_TetrisBot/lab7/build/ros2_aruco/install.log --single-version-externally-managed install_data
[1.648s] running egg_info
[1.650s] writing ../../../build/ros2_aruco/ros2_aruco.egg-info/PKG-INFO
[1.652s] writing dependency_links to ../../../build/ros2_aruco/ros2_aruco.egg-info/dependency_links.txt
[1.656s] writing entry points to ../../../build/ros2_aruco/ros2_aruco.egg-info/entry_points.txt
[1.658s] writing requirements to ../../../build/ros2_aruco/ros2_aruco.egg-info/requires.txt
[1.661s] writing top-level names to ../../../build/ros2_aruco/ros2_aruco.egg-info/top_level.txt
[1.669s] reading manifest file '../../../build/ros2_aruco/ros2_aruco.egg-info/SOURCES.txt'
[1.671s] writing manifest file '../../../build/ros2_aruco/ros2_aruco.egg-info/SOURCES.txt'
[1.673s] running build
[1.673s] running build_py
[1.675s] running install
[1.675s] running install_lib
[1.677s] running install_data
[1.677s] running install_egg_info
[1.679s] removing '/home/cc/ee106a/fa25/class/ee106a-ahn/ros_workspaces/proj/EECS106A_TetrisBot/lab7/install/ros2_aruco/lib/python3.10/site-packages/ros2_aruco-0.1.0-py3.10.egg-info' (and everything under it)
[1.683s] Copying ../../../build/ros2_aruco/ros2_aruco.egg-info to /home/cc/ee106a/fa25/class/ee106a-ahn/ros_workspaces/proj/EECS106A_TetrisBot/lab7/install/ros2_aruco/lib/python3.10/site-packages/ros2_aruco-0.1.0-py3.10.egg-info
[1.727s] running install_scripts
[1.753s] Installing aruco_generate_marker script to /home/cc/ee106a/fa25/class/ee106a-ahn/ros_workspaces/proj/EECS106A_TetrisBot/lab7/install/ros2_aruco/lib/ros2_aruco
[1.756s] Installing aruco_node script to /home/cc/ee106a/fa25/class/ee106a-ahn/ros_workspaces/proj/EECS106A_TetrisBot/lab7/install/ros2_aruco/lib/ros2_aruco
[1.760s] writing list of installed files to '/home/cc/ee106a/fa25/class/ee106a-ahn/ros_workspaces/proj/EECS106A_TetrisBot/lab7/build/ros2_aruco/install.log'
[1.780s] Invoked command in '/home/cc/ee106a/fa25/class/ee106a-ahn/ros_workspaces/proj/EECS106A_TetrisBot/lab7/src/ros2_aruco/ros2_aruco' returned '0': PYTHONPATH=/home/cc/ee106a/fa25/class/ee106a-ahn/ros_workspaces/proj/EECS106A_TetrisBot/lab7/build/ros2_aruco/prefix_override:/usr/lib/python3/dist-packages/colcon_core/task/python/colcon_distutils_commands:/home/cc/ee106a/fa25/class/ee106a-ahn/ros_workspaces/proj/EECS106A_TetrisBot/lab7/install/ros2_aruco/lib/python3.10/site-packages:${PYTHONPATH} /usr/bin/python3 -W ignore:setup.py install is deprecated -W ignore:easy_install command is deprecated setup.py egg_info --egg-base ../../../build/ros2_aruco build --build-base /home/cc/ee106a/fa25/class/ee106a-ahn/ros_workspaces/proj/EECS106A_TetrisBot/lab7/build/ros2_aruco/build install --record /home/cc/ee106a/fa25/class/ee106a-ahn/ros_workspaces/proj/EECS106A_TetrisBot/lab7/build/ros2_aruco/install.log --single-version-externally-managed install_data
