/home/cc/ee106a/fa25/class/ee106a-acy/Desktop/EECS106A_TetrisBot/install/shared_things/lib/python3.10/site-packages/shared_things/__init__.py
/home/cc/ee106a/fa25/class/ee106a-acy/Desktop/EECS106A_TetrisBot/install/shared_things/lib/python3.10/site-packages/shared_things/aruco_constants.py
/home/cc/ee106a/fa25/class/ee106a-acy/Desktop/EECS106A_TetrisBot/install/shared_things/lib/python3.10/site-packages/shared_things/packing/box.py
/home/cc/ee106a/fa25/class/ee106a-acy/Desktop/EECS106A_TetrisBot/install/shared_things/lib/python3.10/site-packages/shared_things/packing/packing.py
/home/cc/ee106a/fa25/class/ee106a-acy/Desktop/EECS106A_TetrisBot/install/shared_things/lib/python3.10/site-packages/shared_things/packing/test_box.py
/home/cc/ee106a/fa25/class/ee106a-acy/Desktop/EECS106A_TetrisBot/install/shared_things/lib/python3.10/site-packages/shared_things/packing/test_packing.py
/home/cc/ee106a/fa25/class/ee106a-acy/Desktop/EECS106A_TetrisBot/install/shared_things/lib/python3.10/site-packages/shared_things/packing/utils.py
/home/cc/ee106a/fa25/class/ee106a-acy/Desktop/EECS106A_TetrisBot/install/shared_things/lib/python3.10/site-packages/shared_things/packing/__init__.py
/home/cc/ee106a/fa25/class/ee106a-acy/Desktop/EECS106A_TetrisBot/install/shared_things/lib/python3.10/site-packages/shared_things/__pycache__/__init__.cpython-310.pyc
/home/cc/ee106a/fa25/class/ee106a-acy/Desktop/EECS106A_TetrisBot/install/shared_things/lib/python3.10/site-packages/shared_things/__pycache__/aruco_constants.cpython-310.pyc
/home/cc/ee106a/fa25/class/ee106a-acy/Desktop/EECS106A_TetrisBot/install/shared_things/lib/python3.10/site-packages/shared_things/packing/__pycache__/box.cpython-310.pyc
/home/cc/ee106a/fa25/class/ee106a-acy/Desktop/EECS106A_TetrisBot/install/shared_things/lib/python3.10/site-packages/shared_things/packing/__pycache__/packing.cpython-310.pyc
/home/cc/ee106a/fa25/class/ee106a-acy/Desktop/EECS106A_TetrisBot/install/shared_things/lib/python3.10/site-packages/shared_things/packing/__pycache__/test_box.cpython-310.pyc
/home/cc/ee106a/fa25/class/ee106a-acy/Desktop/EECS106A_TetrisBot/install/shared_things/lib/python3.10/site-packages/shared_things/packing/__pycache__/test_packing.cpython-310.pyc
/home/cc/ee106a/fa25/class/ee106a-acy/Desktop/EECS106A_TetrisBot/install/shared_things/lib/python3.10/site-packages/shared_things/packing/__pycache__/utils.cpython-310.pyc
/home/cc/ee106a/fa25/class/ee106a-acy/Desktop/EECS106A_TetrisBot/install/shared_things/lib/python3.10/site-packages/shared_things/packing/__pycache__/__init__.cpython-310.pyc
/home/cc/ee106a/fa25/class/ee106a-acy/Desktop/EECS106A_TetrisBot/install/shared_things/share/ament_index/resource_index/packages/shared_things
/home/cc/ee106a/fa25/class/ee106a-acy/Desktop/EECS106A_TetrisBot/install/shared_things/share/shared_things/package.xml
/home/cc/ee106a/fa25/class/ee106a-acy/Desktop/EECS106A_TetrisBot/install/shared_things/lib/python3.10/site-packages/shared_things-0.0.0-py3.10.egg-info/PKG-INFO
/home/cc/ee106a/fa25/class/ee106a-acy/Desktop/EECS106A_TetrisBot/install/shared_things/lib/python3.10/site-packages/shared_things-0.0.0-py3.10.egg-info/zip-safe
/home/cc/ee106a/fa25/class/ee106a-acy/Desktop/EECS106A_TetrisBot/install/shared_things/lib/python3.10/site-packages/shared_things-0.0.0-py3.10.egg-info/dependency_links.txt
/home/cc/ee106a/fa25/class/ee106a-acy/Desktop/EECS106A_TetrisBot/install/shared_things/lib/python3.10/site-packages/shared_things-0.0.0-py3.10.egg-info/entry_points.txt
/home/cc/ee106a/fa25/class/ee106a-acy/Desktop/EECS106A_TetrisBot/install/shared_things/lib/python3.10/site-packages/shared_things-0.0.0-py3.10.egg-info/requires.txt
/home/cc/ee106a/fa25/class/ee106a-acy/Desktop/EECS106A_TetrisBot/install/shared_things/lib/python3.10/site-packages/shared_things-0.0.0-py3.10.egg-info/top_level.txt
/home/cc/ee106a/fa25/class/ee106a-acy/Desktop/EECS106A_TetrisBot/install/shared_things/lib/python3.10/site-packages/shared_things-0.0.0-py3.10.egg-info/SOURCES.txt
