[0.000000] (-) TimerEvent: {}
[0.000157] (perception) JobQueued: {'identifier': 'perception', 'dependencies': OrderedDict()}
[0.000184] (planning) JobQueued: {'identifier': 'planning', 'dependencies': OrderedDict()}
[0.000201] (ros2_aruco) JobQueued: {'identifier': 'ros2_aruco', 'dependencies': OrderedDict()}
[0.000216] (ros2_aruco_interfaces) JobQueued: {'identifier': 'ros2_aruco_interfaces', 'dependencies': OrderedDict()}
[0.000232] (perception) JobStarted: {'identifier': 'perception'}
[0.068985] (planning) JobStarted: {'identifier': 'planning'}
[0.093665] (ros2_aruco) JobStarted: {'identifier': 'ros2_aruco'}
[0.098776] (-) TimerEvent: {}
[0.116253] (ros2_aruco_interfaces) JobStarted: {'identifier': 'ros2_aruco_interfaces'}
[0.198972] (-) TimerEvent: {}
[0.299369] (-) TimerEvent: {}
[0.399749] (-) TimerEvent: {}
[0.500126] (-) TimerEvent: {}
[0.654260] (-) TimerEvent: {}
[0.894809] (-) TimerEvent: {}
[1.064812] (-) TimerEvent: {}
[1.391813] (-) TimerEvent: {}
[3.191630] (-) TimerEvent: {}
[4.039502] (-) TimerEvent: {}
[4.331650] (-) TimerEvent: {}
[4.572909] (-) TimerEvent: {}
[4.742014] (-) TimerEvent: {}
[5.213791] (-) TimerEvent: {}
[5.694140] (-) TimerEvent: {}
[6.213314] (-) TimerEvent: {}
[6.692526] (-) TimerEvent: {}
[6.828491] (-) TimerEvent: {}
[6.941691] (-) TimerEvent: {}
[7.043309] (-) TimerEvent: {}
[7.143504] (-) TimerEvent: {}
[7.243762] (-) TimerEvent: {}
[7.344050] (-) TimerEvent: {}
[7.444247] (-) TimerEvent: {}
[7.544432] (-) TimerEvent: {}
[7.644777] (-) TimerEvent: {}
[7.732178] (ros2_aruco_interfaces) JobProgress: {'identifier': 'ros2_aruco_interfaces', 'progress': 'cmake'}
[7.737373] (ros2_aruco_interfaces) JobProgress: {'identifier': 'ros2_aruco_interfaces', 'progress': 'build'}
[7.738775] (ros2_aruco_interfaces) Command: {'cmd': ['/usr/bin/cmake', '--build', '/home/cc/ee106a/fa25/class/ee106a-acy/ros_workspaces/lab7/build/ros2_aruco_interfaces', '--', '-j32', '-l32'], 'cwd': '/home/cc/ee106a/fa25/class/ee106a-acy/ros_workspaces/lab7/build/ros2_aruco_interfaces', 'env': OrderedDict([('ARCH', 'x86_64'), ('QT_SCALE_FACTOR', '1'), ('USER', 'ee106a-acy'), ('HOSTNAME', 'ros2'), ('XDG_SESSION_TYPE', 'x11'), ('MASTERDIR', '/home/ff/ee106a'), ('COMPIZ_CONFIG_PROFILE', 'mate'), ('XDG_CACHE_HOME', '/home/cc/ee106a/fa25/class/ee106a-acy/.cache'), ('SHLVL', '2'), ('LD_LIBRARY_PATH', '/home/cc/ee106a/fa25/class/ee106a-acy/ros_workspaces/lab7/install/ros2_aruco_interfaces/lib:/usr/lib/x86_64-linux-gnu/gazebo-11/plugins:/opt/ros/humble/opt/rviz_ogre_vendor/lib:/opt/ros/humble/lib/x86_64-linux-gnu:/opt/ros/humble/lib'), ('HOME', '/home/cc/ee106a/fa25/class/ee106a-acy'), ('OLDPWD', '/home/cc/ee106a/fa25/class/ee106a-acy'), ('DESKTOP_SESSION', 'mate'), ('ROS_PYTHON_VERSION', '3'), ('GTK_MODULES', 'gail:atk-bridge:appmenu-gtk-module:gail:atk-bridge:canberra-gtk-module'), ('EE106_UR_ROBOT_IP', '192.168.1.100'), ('DISTROBOX_ENTER_PATH', '/usr/local/bin/distrobox-enter'), ('SYSTEMD_EXEC_PID', '4993'), ('NNTPSERVER', 'news.csua.berkeley.edu'), ('VISUAL', 'emacs'), ('XDG_STATE_HOME', '/home/cc/ee106a/fa25/class/ee106a-acy/.local/state'), ('DBUS_SESSION_BUS_ADDRESS', 'unix:path=/run/user/90076/bus'), ('COLORTERM', 'truecolor'), ('container', 'podman'), ('UBUNTU_MENUPROXY', '1'), ('QT_QPA_PLATFORMTHEME', 'gtk2'), ('COLCON_PREFIX_PATH', '/home/cc/ee106a/fa25/class/ee106a-acy/ros_workspaces/lab7/install:/home/ff/ee106a/robot_workspaces/ur/install'), ('ROS_DISTRO', 'humble'), ('GTK_IM_MODULE', 'ibus'), ('LOGNAME', 'ee106a-acy'), ('MASTER', 'ee106a'), ('WINDOWID', '37801020'), ('ROS_VERSION', '2'), ('XDG_SESSION_CLASS', 'user'), ('TERMINFO_DIRS', '/usr/share/terminfo:/run/host/usr/share/terminfo'), ('USERNAME', 'ee106a-acy'), ('TERM', 'xterm-256color'), ('GTK_OVERLAY_SCROLLING', '0'), ('XDG_SESSION_ID', '6'), ('ROS_LOCALHOST_ONLY', '0'), ('WINDOWPATH', '2'), ('PATH', '/share/b/grading/bin:/home/ff/ee106a/bin:/home/ff/ee106a/bin/arch/x86_64:/opt/ros/humble/bin:/share/b/grading/bin:/home/ff/ee106a/bin:/home/ff/ee106a/bin/arch/x86_64:/share/b/grading/bin:/home/ff/ee106a/bin:/home/ff/ee106a/bin/arch/x86_64:/usr/local/sbin:/usr/local/bin:/usr/sbin:/usr/bin:/sbin:/bin:/usr/games:/usr/local/games:/snap/bin:/snap/bin:/share/b/grading/bin:/share/b/grading/sbin:/share/b/runas/x86_64:/share/b/bin:/home/ff/ee106a/venvs/all:/usr/local/sbin:/usr/local/bin:/usr/sbin:/usr/bin:/sbin:/bin:/share/b/grading/bin:/share/b/grading/sbin:/share/b/runas/x86_64:/share/b/bin:/home/ff/ee106a/venvs/all:/share/b/grading/bin:/share/b/grading/sbin:/share/b/runas/x86_64:/share/b/bin:/home/ff/ee106a/venvs/all'), ('SESSION_MANAGER', 'local/c105-6:@/tmp/.ICE-unix/5056,unix/c105-6:/tmp/.ICE-unix/5056'), ('OS', 'Linux'), ('XDG_RUNTIME_DIR', '/run/user/90076'), ('DISPLAY', ':1'), ('LANG', 'en_US.UTF-8'), ('XDG_CURRENT_DESKTOP', 'MATE'), ('XDG_DATA_HOME', '/home/cc/ee106a/fa25/class/ee106a-acy/.local/share'), ('XDG_CONFIG_HOME', '/home/cc/ee106a/fa25/class/ee106a-acy/.config'), ('XMODIFIERS', '@im=ibus'), ('XDG_SESSION_DESKTOP', 'mate'), ('XAUTHORITY', '/run/user/90076/gdm/Xauthority'), ('SSH_AUTH_SOCK', '/run/user/90076/keyring/ssh'), ('ROS_DOMAIN_ID', '26'), ('AMENT_PREFIX_PATH', '/home/cc/ee106a/fa25/class/ee106a-acy/ros_workspaces/lab7/install/ros2_aruco_interfaces:/home/cc/ee106a/fa25/class/ee106a-acy/ros_workspaces/lab7/install/ros2_aruco:/home/cc/ee106a/fa25/class/ee106a-acy/ros_workspaces/lab7/install/planning:/home/cc/ee106a/fa25/class/ee106a-acy/ros_workspaces/lab7/install/perception:/home/ff/ee106a/robot_workspaces/ur/install/ur7e_utils:/opt/ros/humble'), ('SHELL', '/usr/bin/bash'), ('QT_ACCESSIBILITY', '1'), ('EE106_UR_ROBOT_NAME', 'baymax'), ('GDMSESSION', 'mate'), ('RUNAS', '/share/b/runas/x86_64'), ('GPG_AGENT_INFO', '/run/user/90076/gnupg/S.gpg-agent:0:1'), ('CONFIG_SHELL', '/usr/bin/ksh'), ('QT_IM_MODULE', 'ibus'), ('PWD', '/home/cc/ee106a/fa25/class/ee106a-acy/ros_workspaces/lab7/build/ros2_aruco_interfaces'), ('EE106_ENV_SETUP', 'ur_ros2'), ('CONTAINER_ID', 'ros2'), ('LC_ALL', 'C.UTF-8'), ('XDG_CONFIG_DIRS', '/etc/xdg/xdg-mate:/etc/xdg'), ('CLUTTER_IM_MODULE', 'ibus'), ('XDG_DATA_DIRS', '/usr/share/mate:/usr/share/mate:/usr/share/gnome:/home/cc/ee106a/fa25/class/ee106a-acy/.local/share/flatpak/exports/share:/var/lib/flatpak/exports/share:/usr/local/share/:/usr/share/:/var/lib/snapd/desktop:/usr/local/share:/usr/share'), ('PYTHONPATH', '/home/cc/ee106a/fa25/class/ee106a-acy/ros_workspaces/lab7/install/ros2_aruco_interfaces/local/lib/python3.10/dist-packages:/home/cc/ee106a/fa25/class/ee106a-acy/ros_workspaces/lab7/install/ros2_aruco/lib/python3.10/site-packages:/home/cc/ee106a/fa25/class/ee106a-acy/ros_workspaces/lab7/install/planning/lib/python3.10/site-packages:/home/cc/ee106a/fa25/class/ee106a-acy/ros_workspaces/lab7/install/perception/lib/python3.10/site-packages:/home/ff/ee106a/robot_workspaces/ur/install/ur7e_utils/lib/python3.10/site-packages:/opt/ros/humble/lib/python3.10/site-packages:/opt/ros/humble/local/lib/python3.10/dist-packages'), ('MATE_DESKTOP_SESSION_ID', 'this-is-deprecated'), ('COLCON', '1'), ('MANPATH', '/usr/local/man:/usr/man:/usr/X11/man:/usr/local/man:/share/b/grading/man:/usr/local/man:/usr/man:/usr/X11/man:/usr/local/man:/share/b/grading/man:/usr/local/man:/usr/man:/usr/X11/man:/usr/local/man:/share/b/grading/man:'), ('VTE_VERSION', '6800'), ('EDITOR', 'emacs'), ('CMAKE_PREFIX_PATH', '/home/cc/ee106a/fa25/class/ee106a-acy/ros_workspaces/lab7/install/ros2_aruco_interfaces:/home/cc/ee106a/fa25/class/ee106a-acy/ros_workspaces/lab7/install/ros2_aruco:/home/cc/ee106a/fa25/class/ee106a-acy/ros_workspaces/lab7/install/planning:/home/cc/ee106a/fa25/class/ee106a-acy/ros_workspaces/lab7/install/perception:/home/ff/ee106a/robot_workspaces/ur/install/ur7e_utils:/opt/ros/humble'), ('QT_FONT_DPI', '122')]), 'shell': False}
[7.746557] (-) TimerEvent: {}
[7.846764] (-) TimerEvent: {}
[7.952262] (-) TimerEvent: {}
[8.068887] (-) TimerEvent: {}
[8.187187] (-) TimerEvent: {}
[8.343572] (-) TimerEvent: {}
[8.973113] (-) TimerEvent: {}
[10.540173] (-) TimerEvent: {}
[12.235773] (-) TimerEvent: {}
[14.004469] (-) TimerEvent: {}
[14.996130] (-) TimerEvent: {}
[16.208557] (-) TimerEvent: {}
[17.200680] (-) TimerEvent: {}
[18.188199] (-) TimerEvent: {}
[19.444018] (-) TimerEvent: {}
[20.432474] (-) TimerEvent: {}
[21.506579] (-) TimerEvent: {}
[23.216378] (-) TimerEvent: {}
[25.023204] (-) TimerEvent: {}
[27.534360] (-) TimerEvent: {}
[29.744141] (-) TimerEvent: {}
[31.847727] (-) TimerEvent: {}
[32.652986] (-) TimerEvent: {}
[33.761627] (-) TimerEvent: {}
[34.487499] (-) TimerEvent: {}
[34.936037] (-) TimerEvent: {}
[35.156241] (-) TimerEvent: {}
[35.393719] (-) TimerEvent: {}
[35.563319] (-) TimerEvent: {}
[35.710358] (-) TimerEvent: {}
[35.825081] (-) TimerEvent: {}
[35.970240] (-) TimerEvent: {}
[36.226729] (-) TimerEvent: {}
[36.838359] (-) TimerEvent: {}
[37.014928] (-) TimerEvent: {}
[37.490661] (-) TimerEvent: {}
[37.604855] (-) TimerEvent: {}
[37.734359] (-) TimerEvent: {}
[37.866043] (-) TimerEvent: {}
[38.008480] (-) TimerEvent: {}
[38.568320] (-) TimerEvent: {}
[38.974882] (-) TimerEvent: {}
[39.472071] (-) TimerEvent: {}
[40.130099] (-) TimerEvent: {}
[40.949779] (-) TimerEvent: {}
[41.487410] (-) TimerEvent: {}
[42.073757] (-) TimerEvent: {}
[42.470093] (-) TimerEvent: {}
[43.253992] (-) TimerEvent: {}
[43.825936] (-) TimerEvent: {}
[44.395311] (-) TimerEvent: {}
[44.638453] (-) TimerEvent: {}
[44.891527] (-) TimerEvent: {}
[45.370042] (-) TimerEvent: {}
[46.186754] (-) TimerEvent: {}
[46.732909] (-) TimerEvent: {}
[47.457899] (-) TimerEvent: {}
[48.211209] (-) TimerEvent: {}
[48.856917] (-) TimerEvent: {}
[49.965043] (-) TimerEvent: {}
[50.956168] (-) TimerEvent: {}
[51.407053] (-) TimerEvent: {}
[51.985430] (-) TimerEvent: {}
[52.155207] (-) TimerEvent: {}
[54.321234] (-) TimerEvent: {}
[54.380418] (ros2_aruco_interfaces) StdoutLine: {'line': b'[  3%] Built target ros2_aruco_interfaces__cpp\n'}
[54.393827] (ros2_aruco_interfaces) StdoutLine: {'line': b'[ 12%] Built target ros2_aruco_interfaces__rosidl_generator_c\n'}
[54.421326] (-) TimerEvent: {}
[54.521562] (-) TimerEvent: {}
[54.621772] (-) TimerEvent: {}
[54.721909] (-) TimerEvent: {}
[54.777258] (ros2_aruco_interfaces) StdoutLine: {'line': b'[ 38%] Built target ros2_aruco_interfaces__rosidl_typesupport_cpp\n'}
[54.777551] (ros2_aruco_interfaces) StdoutLine: {'line': b'[ 38%] Built target ros2_aruco_interfaces__rosidl_typesupport_fastrtps_cpp\n'}
[54.782560] (ros2_aruco_interfaces) StdoutLine: {'line': b'[ 41%] Built target ros2_aruco_interfaces__rosidl_typesupport_introspection_cpp\n'}
[54.807504] (ros2_aruco_interfaces) StdoutLine: {'line': b'[ 70%] Built target ament_cmake_python_copy_ros2_aruco_interfaces\n'}
[54.807636] (ros2_aruco_interfaces) StdoutLine: {'line': b'[ 70%] Built target ros2_aruco_interfaces__rosidl_typesupport_fastrtps_c\n'}
[54.807803] (ros2_aruco_interfaces) StdoutLine: {'line': b'[ 70%] Built target ros2_aruco_interfaces__rosidl_typesupport_introspection_c\n'}
[54.809833] (ros2_aruco_interfaces) StdoutLine: {'line': b'[ 70%] Built target ros2_aruco_interfaces__rosidl_typesupport_c\n'}
[54.821983] (-) TimerEvent: {}
