[0.807s] Invoking command in '/home/cc/ee106a/fa25/class/ee106a-ahn/ros_workspaces/proj/EECS106A_TetrisBot/lab7/build/ros2_aruco_interfaces': CMAKE_PREFIX_PATH=${CMAKE_PREFIX_PATH}:/home/cc/ee106a/fa25/class/ee106a-ahn/ros_workspaces/proj/EECS106A_TetrisBot/lab7/install/ros2_aruco:/home/cc/ee106a/fa25/class/ee106a-ahn/ros_workspaces/proj/EECS106A_TetrisBot/lab7/install/planning:/home/cc/ee106a/fa25/class/ee106a-ahn/ros_workspaces/proj/EECS106A_TetrisBot/lab7/install/perception:/home/ff/ee106a/robot_workspaces/ur/install/ur7e_utils:/opt/ros/humble /usr/bin/cmake --build /home/cc/ee106a/fa25/class/ee106a-ahn/ros_workspaces/proj/EECS106A_TetrisBot/lab7/build/ros2_aruco_interfaces -- -j32 -l32
[0.923s] [  3%] Built target ros2_aruco_interfaces__cpp
[0.946s] [ 12%] Built target ros2_aruco_interfaces__rosidl_generator_c
[1.026s] [ 35%] Built target ros2_aruco_interfaces__rosidl_typesupport_introspection_cpp
[1.030s] [ 41%] Built target ros2_aruco_interfaces__rosidl_typesupport_cpp
[1.034s] [ 45%] Built target ros2_aruco_interfaces__rosidl_typesupport_fastrtps_cpp
[1.045s] [ 67%] Built target ros2_aruco_interfaces__rosidl_typesupport_fastrtps_c
[1.046s] [ 70%] Built target ros2_aruco_interfaces__rosidl_typesupport_c
[1.046s] [ 70%] Built target ros2_aruco_interfaces__rosidl_typesupport_introspection_c
[1.059s] [ 70%] Built target ament_cmake_python_copy_ros2_aruco_interfaces
[1.086s] [ 70%] Built target ros2_aruco_interfaces
[1.122s] [ 74%] Built target ros2_aruco_interfaces__py
[1.165s] [ 80%] Built target ros2_aruco_interfaces__rosidl_generator_py
[1.235s] [ 96%] Built target ros2_aruco_interfaces__rosidl_typesupport_fastrtps_c__pyext
[1.237s] [100%] Built target ros2_aruco_interfaces__rosidl_typesupport_c__pyext
[1.237s] [100%] Built target ros2_aruco_interfaces__rosidl_typesupport_introspection_c__pyext
[1.332s] running egg_info
[1.332s] writing ros2_aruco_interfaces.egg-info/PKG-INFO
[1.336s] writing dependency_links to ros2_aruco_interfaces.egg-info/dependency_links.txt
[1.339s] writing top-level names to ros2_aruco_interfaces.egg-info/top_level.txt
[1.344s] reading manifest file 'ros2_aruco_interfaces.egg-info/SOURCES.txt'
[1.345s] writing manifest file 'ros2_aruco_interfaces.egg-info/SOURCES.txt'
[1.369s] [100%] Built target ament_cmake_python_build_ros2_aruco_interfaces_egg
[1.405s] Invoked command in '/home/cc/ee106a/fa25/class/ee106a-ahn/ros_workspaces/proj/EECS106A_TetrisBot/lab7/build/ros2_aruco_interfaces' returned '0': CMAKE_PREFIX_PATH=${CMAKE_PREFIX_PATH}:/home/cc/ee106a/fa25/class/ee106a-ahn/ros_workspaces/proj/EECS106A_TetrisBot/lab7/install/ros2_aruco:/home/cc/ee106a/fa25/class/ee106a-ahn/ros_workspaces/proj/EECS106A_TetrisBot/lab7/install/planning:/home/cc/ee106a/fa25/class/ee106a-ahn/ros_workspaces/proj/EECS106A_TetrisBot/lab7/install/perception:/home/ff/ee106a/robot_workspaces/ur/install/ur7e_utils:/opt/ros/humble /usr/bin/cmake --build /home/cc/ee106a/fa25/class/ee106a-ahn/ros_workspaces/proj/EECS106A_TetrisBot/lab7/build/ros2_aruco_interfaces -- -j32 -l32
[1.417s] Invoking command in '/home/cc/ee106a/fa25/class/ee106a-ahn/ros_workspaces/proj/EECS106A_TetrisBot/lab7/build/ros2_aruco_interfaces': CMAKE_PREFIX_PATH=${CMAKE_PREFIX_PATH}:/home/cc/ee106a/fa25/class/ee106a-ahn/ros_workspaces/proj/EECS106A_TetrisBot/lab7/install/ros2_aruco:/home/cc/ee106a/fa25/class/ee106a-ahn/ros_workspaces/proj/EECS106A_TetrisBot/lab7/install/planning:/home/cc/ee106a/fa25/class/ee106a-ahn/ros_workspaces/proj/EECS106A_TetrisBot/lab7/install/perception:/home/ff/ee106a/robot_workspaces/ur/install/ur7e_utils:/opt/ros/humble /usr/bin/cmake --install /home/cc/ee106a/fa25/class/ee106a-ahn/ros_workspaces/proj/EECS106A_TetrisBot/lab7/build/ros2_aruco_interfaces
[1.426s] -- Install configuration: ""
[1.428s] -- Up-to-date: /home/cc/ee106a/fa25/class/ee106a-ahn/ros_workspaces/proj/EECS106A_TetrisBot/lab7/install/ros2_aruco_interfaces/share/ament_index/resource_index/rosidl_interfaces/ros2_aruco_interfaces
[1.429s] -- Up-to-date: /home/cc/ee106a/fa25/class/ee106a-ahn/ros_workspaces/proj/EECS106A_TetrisBot/lab7/install/ros2_aruco_interfaces/include/ros2_aruco_interfaces/ros2_aruco_interfaces
[1.431s] -- Up-to-date: /home/cc/ee106a/fa25/class/ee106a-ahn/ros_workspaces/proj/EECS106A_TetrisBot/lab7/install/ros2_aruco_interfaces/include/ros2_aruco_interfaces/ros2_aruco_interfaces/msg
[1.432s] -- Up-to-date: /home/cc/ee106a/fa25/class/ee106a-ahn/ros_workspaces/proj/EECS106A_TetrisBot/lab7/install/ros2_aruco_interfaces/include/ros2_aruco_interfaces/ros2_aruco_interfaces/msg/aruco_markers.h
[1.433s] -- Up-to-date: /home/cc/ee106a/fa25/class/ee106a-ahn/ros_workspaces/proj/EECS106A_TetrisBot/lab7/install/ros2_aruco_interfaces/include/ros2_aruco_interfaces/ros2_aruco_interfaces/msg/rosidl_generator_c__visibility_control.h
[1.434s] -- Up-to-date: /home/cc/ee106a/fa25/class/ee106a-ahn/ros_workspaces/proj/EECS106A_TetrisBot/lab7/install/ros2_aruco_interfaces/include/ros2_aruco_interfaces/ros2_aruco_interfaces/msg/detail
[1.435s] -- Up-to-date: /home/cc/ee106a/fa25/class/ee106a-ahn/ros_workspaces/proj/EECS106A_TetrisBot/lab7/install/ros2_aruco_interfaces/include/ros2_aruco_interfaces/ros2_aruco_interfaces/msg/detail/aruco_markers__functions.c
[1.436s] -- Up-to-date: /home/cc/ee106a/fa25/class/ee106a-ahn/ros_workspaces/proj/EECS106A_TetrisBot/lab7/install/ros2_aruco_interfaces/include/ros2_aruco_interfaces/ros2_aruco_interfaces/msg/detail/aruco_markers__functions.h
[1.436s] -- Up-to-date: /home/cc/ee106a/fa25/class/ee106a-ahn/ros_workspaces/proj/EECS106A_TetrisBot/lab7/install/ros2_aruco_interfaces/include/ros2_aruco_interfaces/ros2_aruco_interfaces/msg/detail/aruco_markers__struct.h
[1.437s] -- Up-to-date: /home/cc/ee106a/fa25/class/ee106a-ahn/ros_workspaces/proj/EECS106A_TetrisBot/lab7/install/ros2_aruco_interfaces/include/ros2_aruco_interfaces/ros2_aruco_interfaces/msg/detail/aruco_markers__type_support.h
[1.439s] -- Up-to-date: /home/cc/ee106a/fa25/class/ee106a-ahn/ros_workspaces/proj/EECS106A_TetrisBot/lab7/install/ros2_aruco_interfaces/share/ros2_aruco_interfaces/environment/library_path.sh
[1.440s] -- Up-to-date: /home/cc/ee106a/fa25/class/ee106a-ahn/ros_workspaces/proj/EECS106A_TetrisBot/lab7/install/ros2_aruco_interfaces/share/ros2_aruco_interfaces/environment/library_path.dsv
[1.442s] -- Up-to-date: /home/cc/ee106a/fa25/class/ee106a-ahn/ros_workspaces/proj/EECS106A_TetrisBot/lab7/install/ros2_aruco_interfaces/lib/libros2_aruco_interfaces__rosidl_generator_c.so
[1.445s] -- Up-to-date: /home/cc/ee106a/fa25/class/ee106a-ahn/ros_workspaces/proj/EECS106A_TetrisBot/lab7/install/ros2_aruco_interfaces/include/ros2_aruco_interfaces/ros2_aruco_interfaces
[1.447s] -- Up-to-date: /home/cc/ee106a/fa25/class/ee106a-ahn/ros_workspaces/proj/EECS106A_TetrisBot/lab7/install/ros2_aruco_interfaces/include/ros2_aruco_interfaces/ros2_aruco_interfaces/msg
[1.448s] -- Up-to-date: /home/cc/ee106a/fa25/class/ee106a-ahn/ros_workspaces/proj/EECS106A_TetrisBot/lab7/install/ros2_aruco_interfaces/include/ros2_aruco_interfaces/ros2_aruco_interfaces/msg/detail
[1.449s] -- Up-to-date: /home/cc/ee106a/fa25/class/ee106a-ahn/ros_workspaces/proj/EECS106A_TetrisBot/lab7/install/ros2_aruco_interfaces/include/ros2_aruco_interfaces/ros2_aruco_interfaces/msg/detail/aruco_markers__rosidl_typesupport_fastrtps_c.h
[1.450s] -- Up-to-date: /home/cc/ee106a/fa25/class/ee106a-ahn/ros_workspaces/proj/EECS106A_TetrisBot/lab7/install/ros2_aruco_interfaces/include/ros2_aruco_interfaces/ros2_aruco_interfaces/msg/rosidl_typesupport_fastrtps_c__visibility_control.h
[1.451s] -- Up-to-date: /home/cc/ee106a/fa25/class/ee106a-ahn/ros_workspaces/proj/EECS106A_TetrisBot/lab7/install/ros2_aruco_interfaces/lib/libros2_aruco_interfaces__rosidl_typesupport_fastrtps_c.so
[1.454s] -- Up-to-date: /home/cc/ee106a/fa25/class/ee106a-ahn/ros_workspaces/proj/EECS106A_TetrisBot/lab7/install/ros2_aruco_interfaces/include/ros2_aruco_interfaces/ros2_aruco_interfaces
[1.456s] -- Up-to-date: /home/cc/ee106a/fa25/class/ee106a-ahn/ros_workspaces/proj/EECS106A_TetrisBot/lab7/install/ros2_aruco_interfaces/include/ros2_aruco_interfaces/ros2_aruco_interfaces/msg
[1.457s] -- Up-to-date: /home/cc/ee106a/fa25/class/ee106a-ahn/ros_workspaces/proj/EECS106A_TetrisBot/lab7/install/ros2_aruco_interfaces/include/ros2_aruco_interfaces/ros2_aruco_interfaces/msg/aruco_markers.hpp
[1.458s] -- Up-to-date: /home/cc/ee106a/fa25/class/ee106a-ahn/ros_workspaces/proj/EECS106A_TetrisBot/lab7/install/ros2_aruco_interfaces/include/ros2_aruco_interfaces/ros2_aruco_interfaces/msg/rosidl_generator_cpp__visibility_control.hpp
[1.458s] -- Up-to-date: /home/cc/ee106a/fa25/class/ee106a-ahn/ros_workspaces/proj/EECS106A_TetrisBot/lab7/install/ros2_aruco_interfaces/include/ros2_aruco_interfaces/ros2_aruco_interfaces/msg/detail
[1.460s] -- Up-to-date: /home/cc/ee106a/fa25/class/ee106a-ahn/ros_workspaces/proj/EECS106A_TetrisBot/lab7/install/ros2_aruco_interfaces/include/ros2_aruco_interfaces/ros2_aruco_interfaces/msg/detail/aruco_markers__builder.hpp
[1.460s] -- Up-to-date: /home/cc/ee106a/fa25/class/ee106a-ahn/ros_workspaces/proj/EECS106A_TetrisBot/lab7/install/ros2_aruco_interfaces/include/ros2_aruco_interfaces/ros2_aruco_interfaces/msg/detail/aruco_markers__struct.hpp
[1.461s] -- Up-to-date: /home/cc/ee106a/fa25/class/ee106a-ahn/ros_workspaces/proj/EECS106A_TetrisBot/lab7/install/ros2_aruco_interfaces/include/ros2_aruco_interfaces/ros2_aruco_interfaces/msg/detail/aruco_markers__traits.hpp
[1.462s] -- Up-to-date: /home/cc/ee106a/fa25/class/ee106a-ahn/ros_workspaces/proj/EECS106A_TetrisBot/lab7/install/ros2_aruco_interfaces/include/ros2_aruco_interfaces/ros2_aruco_interfaces/msg/detail/aruco_markers__type_support.hpp
[1.462s] -- Up-to-date: /home/cc/ee106a/fa25/class/ee106a-ahn/ros_workspaces/proj/EECS106A_TetrisBot/lab7/install/ros2_aruco_interfaces/include/ros2_aruco_interfaces/ros2_aruco_interfaces
[1.464s] -- Up-to-date: /home/cc/ee106a/fa25/class/ee106a-ahn/ros_workspaces/proj/EECS106A_TetrisBot/lab7/install/ros2_aruco_interfaces/include/ros2_aruco_interfaces/ros2_aruco_interfaces/msg
[1.466s] -- Up-to-date: /home/cc/ee106a/fa25/class/ee106a-ahn/ros_workspaces/proj/EECS106A_TetrisBot/lab7/install/ros2_aruco_interfaces/include/ros2_aruco_interfaces/ros2_aruco_interfaces/msg/detail
[1.467s] -- Up-to-date: /home/cc/ee106a/fa25/class/ee106a-ahn/ros_workspaces/proj/EECS106A_TetrisBot/lab7/install/ros2_aruco_interfaces/include/ros2_aruco_interfaces/ros2_aruco_interfaces/msg/detail/aruco_markers__rosidl_typesupport_fastrtps_cpp.hpp
[1.468s] -- Up-to-date: /home/cc/ee106a/fa25/class/ee106a-ahn/ros_workspaces/proj/EECS106A_TetrisBot/lab7/install/ros2_aruco_interfaces/include/ros2_aruco_interfaces/ros2_aruco_interfaces/msg/detail/dds_fastrtps
[1.469s] -- Up-to-date: /home/cc/ee106a/fa25/class/ee106a-ahn/ros_workspaces/proj/EECS106A_TetrisBot/lab7/install/ros2_aruco_interfaces/include/ros2_aruco_interfaces/ros2_aruco_interfaces/msg/rosidl_typesupport_fastrtps_cpp__visibility_control.h
[1.470s] -- Up-to-date: /home/cc/ee106a/fa25/class/ee106a-ahn/ros_workspaces/proj/EECS106A_TetrisBot/lab7/install/ros2_aruco_interfaces/lib/libros2_aruco_interfaces__rosidl_typesupport_fastrtps_cpp.so
[1.473s] -- Up-to-date: /home/cc/ee106a/fa25/class/ee106a-ahn/ros_workspaces/proj/EECS106A_TetrisBot/lab7/install/ros2_aruco_interfaces/include/ros2_aruco_interfaces/ros2_aruco_interfaces
[1.475s] -- Up-to-date: /home/cc/ee106a/fa25/class/ee106a-ahn/ros_workspaces/proj/EECS106A_TetrisBot/lab7/install/ros2_aruco_interfaces/include/ros2_aruco_interfaces/ros2_aruco_interfaces/msg
[1.476s] -- Up-to-date: /home/cc/ee106a/fa25/class/ee106a-ahn/ros_workspaces/proj/EECS106A_TetrisBot/lab7/install/ros2_aruco_interfaces/include/ros2_aruco_interfaces/ros2_aruco_interfaces/msg/detail
[1.477s] -- Up-to-date: /home/cc/ee106a/fa25/class/ee106a-ahn/ros_workspaces/proj/EECS106A_TetrisBot/lab7/install/ros2_aruco_interfaces/include/ros2_aruco_interfaces/ros2_aruco_interfaces/msg/detail/aruco_markers__rosidl_typesupport_introspection_c.h
[1.478s] -- Up-to-date: /home/cc/ee106a/fa25/class/ee106a-ahn/ros_workspaces/proj/EECS106A_TetrisBot/lab7/install/ros2_aruco_interfaces/include/ros2_aruco_interfaces/ros2_aruco_interfaces/msg/detail/aruco_markers__type_support.c
[1.479s] -- Up-to-date: /home/cc/ee106a/fa25/class/ee106a-ahn/ros_workspaces/proj/EECS106A_TetrisBot/lab7/install/ros2_aruco_interfaces/include/ros2_aruco_interfaces/ros2_aruco_interfaces/msg/rosidl_typesupport_introspection_c__visibility_control.h
[1.480s] -- Up-to-date: /home/cc/ee106a/fa25/class/ee106a-ahn/ros_workspaces/proj/EECS106A_TetrisBot/lab7/install/ros2_aruco_interfaces/lib/libros2_aruco_interfaces__rosidl_typesupport_introspection_c.so
[1.485s] -- Up-to-date: /home/cc/ee106a/fa25/class/ee106a-ahn/ros_workspaces/proj/EECS106A_TetrisBot/lab7/install/ros2_aruco_interfaces/lib/libros2_aruco_interfaces__rosidl_typesupport_c.so
[1.487s] -- Up-to-date: /home/cc/ee106a/fa25/class/ee106a-ahn/ros_workspaces/proj/EECS106A_TetrisBot/lab7/install/ros2_aruco_interfaces/include/ros2_aruco_interfaces/ros2_aruco_interfaces
[1.488s] -- Up-to-date: /home/cc/ee106a/fa25/class/ee106a-ahn/ros_workspaces/proj/EECS106A_TetrisBot/lab7/install/ros2_aruco_interfaces/include/ros2_aruco_interfaces/ros2_aruco_interfaces/msg
[1.490s] -- Up-to-date: /home/cc/ee106a/fa25/class/ee106a-ahn/ros_workspaces/proj/EECS106A_TetrisBot/lab7/install/ros2_aruco_interfaces/include/ros2_aruco_interfaces/ros2_aruco_interfaces/msg/detail
[1.492s] -- Up-to-date: /home/cc/ee106a/fa25/class/ee106a-ahn/ros_workspaces/proj/EECS106A_TetrisBot/lab7/install/ros2_aruco_interfaces/include/ros2_aruco_interfaces/ros2_aruco_interfaces/msg/detail/aruco_markers__rosidl_typesupport_introspection_cpp.hpp
[1.492s] -- Up-to-date: /home/cc/ee106a/fa25/class/ee106a-ahn/ros_workspaces/proj/EECS106A_TetrisBot/lab7/install/ros2_aruco_interfaces/include/ros2_aruco_interfaces/ros2_aruco_interfaces/msg/detail/aruco_markers__type_support.cpp
[1.494s] -- Up-to-date: /home/cc/ee106a/fa25/class/ee106a-ahn/ros_workspaces/proj/EECS106A_TetrisBot/lab7/install/ros2_aruco_interfaces/lib/libros2_aruco_interfaces__rosidl_typesupport_introspection_cpp.so
[1.499s] -- Up-to-date: /home/cc/ee106a/fa25/class/ee106a-ahn/ros_workspaces/proj/EECS106A_TetrisBot/lab7/install/ros2_aruco_interfaces/lib/libros2_aruco_interfaces__rosidl_typesupport_cpp.so
[1.502s] -- Up-to-date: /home/cc/ee106a/fa25/class/ee106a-ahn/ros_workspaces/proj/EECS106A_TetrisBot/lab7/install/ros2_aruco_interfaces/share/ros2_aruco_interfaces/environment/pythonpath.sh
[1.503s] -- Up-to-date: /home/cc/ee106a/fa25/class/ee106a-ahn/ros_workspaces/proj/EECS106A_TetrisBot/lab7/install/ros2_aruco_interfaces/share/ros2_aruco_interfaces/environment/pythonpath.dsv
[1.504s] -- Up-to-date: /home/cc/ee106a/fa25/class/ee106a-ahn/ros_workspaces/proj/EECS106A_TetrisBot/lab7/install/ros2_aruco_interfaces/local/lib/python3.10/dist-packages/ros2_aruco_interfaces-0.1.0-py3.10.egg-info
[1.506s] -- Installing: /home/cc/ee106a/fa25/class/ee106a-ahn/ros_workspaces/proj/EECS106A_TetrisBot/lab7/install/ros2_aruco_interfaces/local/lib/python3.10/dist-packages/ros2_aruco_interfaces-0.1.0-py3.10.egg-info/PKG-INFO
[1.515s] -- Installing: /home/cc/ee106a/fa25/class/ee106a-ahn/ros_workspaces/proj/EECS106A_TetrisBot/lab7/install/ros2_aruco_interfaces/local/lib/python3.10/dist-packages/ros2_aruco_interfaces-0.1.0-py3.10.egg-info/dependency_links.txt
[1.522s] -- Installing: /home/cc/ee106a/fa25/class/ee106a-ahn/ros_workspaces/proj/EECS106A_TetrisBot/lab7/install/ros2_aruco_interfaces/local/lib/python3.10/dist-packages/ros2_aruco_interfaces-0.1.0-py3.10.egg-info/top_level.txt
[1.532s] -- Installing: /home/cc/ee106a/fa25/class/ee106a-ahn/ros_workspaces/proj/EECS106A_TetrisBot/lab7/install/ros2_aruco_interfaces/local/lib/python3.10/dist-packages/ros2_aruco_interfaces-0.1.0-py3.10.egg-info/SOURCES.txt
[1.544s] -- Up-to-date: /home/cc/ee106a/fa25/class/ee106a-ahn/ros_workspaces/proj/EECS106A_TetrisBot/lab7/install/ros2_aruco_interfaces/local/lib/python3.10/dist-packages/ros2_aruco_interfaces
[1.545s] -- Up-to-date: /home/cc/ee106a/fa25/class/ee106a-ahn/ros_workspaces/proj/EECS106A_TetrisBot/lab7/install/ros2_aruco_interfaces/local/lib/python3.10/dist-packages/ros2_aruco_interfaces/__init__.py
[1.546s] -- Up-to-date: /home/cc/ee106a/fa25/class/ee106a-ahn/ros_workspaces/proj/EECS106A_TetrisBot/lab7/install/ros2_aruco_interfaces/local/lib/python3.10/dist-packages/ros2_aruco_interfaces/msg
[1.548s] -- Up-to-date: /home/cc/ee106a/fa25/class/ee106a-ahn/ros_workspaces/proj/EECS106A_TetrisBot/lab7/install/ros2_aruco_interfaces/local/lib/python3.10/dist-packages/ros2_aruco_interfaces/msg/_aruco_markers.py
[1.549s] -- Up-to-date: /home/cc/ee106a/fa25/class/ee106a-ahn/ros_workspaces/proj/EECS106A_TetrisBot/lab7/install/ros2_aruco_interfaces/local/lib/python3.10/dist-packages/ros2_aruco_interfaces/msg/_aruco_markers_s.c
[1.550s] -- Up-to-date: /home/cc/ee106a/fa25/class/ee106a-ahn/ros_workspaces/proj/EECS106A_TetrisBot/lab7/install/ros2_aruco_interfaces/local/lib/python3.10/dist-packages/ros2_aruco_interfaces/msg/__init__.py
[1.551s] -- Up-to-date: /home/cc/ee106a/fa25/class/ee106a-ahn/ros_workspaces/proj/EECS106A_TetrisBot/lab7/install/ros2_aruco_interfaces/local/lib/python3.10/dist-packages/ros2_aruco_interfaces/_ros2_aruco_interfaces_s.ep.rosidl_typesupport_fastrtps_c.c
[1.552s] -- Up-to-date: /home/cc/ee106a/fa25/class/ee106a-ahn/ros_workspaces/proj/EECS106A_TetrisBot/lab7/install/ros2_aruco_interfaces/local/lib/python3.10/dist-packages/ros2_aruco_interfaces/_ros2_aruco_interfaces_s.ep.rosidl_typesupport_introspection_c.c
[1.553s] -- Up-to-date: /home/cc/ee106a/fa25/class/ee106a-ahn/ros_workspaces/proj/EECS106A_TetrisBot/lab7/install/ros2_aruco_interfaces/local/lib/python3.10/dist-packages/ros2_aruco_interfaces/_ros2_aruco_interfaces_s.ep.rosidl_typesupport_c.c
[1.554s] -- Up-to-date: /home/cc/ee106a/fa25/class/ee106a-ahn/ros_workspaces/proj/EECS106A_TetrisBot/lab7/install/ros2_aruco_interfaces/local/lib/python3.10/dist-packages/ros2_aruco_interfaces/libros2_aruco_interfaces__rosidl_generator_py.so
[1.555s] -- Up-to-date: /home/cc/ee106a/fa25/class/ee106a-ahn/ros_workspaces/proj/EECS106A_TetrisBot/lab7/install/ros2_aruco_interfaces/local/lib/python3.10/dist-packages/ros2_aruco_interfaces/ros2_aruco_interfaces_s__rosidl_typesupport_c.cpython-310-x86_64-linux-gnu.so
[1.556s] -- Up-to-date: /home/cc/ee106a/fa25/class/ee106a-ahn/ros_workspaces/proj/EECS106A_TetrisBot/lab7/install/ros2_aruco_interfaces/local/lib/python3.10/dist-packages/ros2_aruco_interfaces/ros2_aruco_interfaces_s__rosidl_typesupport_fastrtps_c.cpython-310-x86_64-linux-gnu.so
[1.556s] -- Up-to-date: /home/cc/ee106a/fa25/class/ee106a-ahn/ros_workspaces/proj/EECS106A_TetrisBot/lab7/install/ros2_aruco_interfaces/local/lib/python3.10/dist-packages/ros2_aruco_interfaces/ros2_aruco_interfaces_s__rosidl_typesupport_introspection_c.cpython-310-x86_64-linux-gnu.so
[1.623s] Listing '/home/cc/ee106a/fa25/class/ee106a-ahn/ros_workspaces/proj/EECS106A_TetrisBot/lab7/install/ros2_aruco_interfaces/local/lib/python3.10/dist-packages/ros2_aruco_interfaces'...
[1.624s] Listing '/home/cc/ee106a/fa25/class/ee106a-ahn/ros_workspaces/proj/EECS106A_TetrisBot/lab7/install/ros2_aruco_interfaces/local/lib/python3.10/dist-packages/ros2_aruco_interfaces/msg'...
[1.629s] -- Up-to-date: /home/cc/ee106a/fa25/class/ee106a-ahn/ros_workspaces/proj/EECS106A_TetrisBot/lab7/install/ros2_aruco_interfaces/local/lib/python3.10/dist-packages/ros2_aruco_interfaces/ros2_aruco_interfaces_s__rosidl_typesupport_fastrtps_c.cpython-310-x86_64-linux-gnu.so
[1.635s] -- Up-to-date: /home/cc/ee106a/fa25/class/ee106a-ahn/ros_workspaces/proj/EECS106A_TetrisBot/lab7/install/ros2_aruco_interfaces/local/lib/python3.10/dist-packages/ros2_aruco_interfaces/ros2_aruco_interfaces_s__rosidl_typesupport_introspection_c.cpython-310-x86_64-linux-gnu.so
[1.641s] -- Up-to-date: /home/cc/ee106a/fa25/class/ee106a-ahn/ros_workspaces/proj/EECS106A_TetrisBot/lab7/install/ros2_aruco_interfaces/local/lib/python3.10/dist-packages/ros2_aruco_interfaces/ros2_aruco_interfaces_s__rosidl_typesupport_c.cpython-310-x86_64-linux-gnu.so
[1.645s] -- Up-to-date: /home/cc/ee106a/fa25/class/ee106a-ahn/ros_workspaces/proj/EECS106A_TetrisBot/lab7/install/ros2_aruco_interfaces/lib/libros2_aruco_interfaces__rosidl_generator_py.so
[1.649s] -- Up-to-date: /home/cc/ee106a/fa25/class/ee106a-ahn/ros_workspaces/proj/EECS106A_TetrisBot/lab7/install/ros2_aruco_interfaces/share/ros2_aruco_interfaces/msg/ArucoMarkers.idl
[1.649s] -- Up-to-date: /home/cc/ee106a/fa25/class/ee106a-ahn/ros_workspaces/proj/EECS106A_TetrisBot/lab7/install/ros2_aruco_interfaces/share/ros2_aruco_interfaces/msg/ArucoMarkers.msg
[1.651s] -- Up-to-date: /home/cc/ee106a/fa25/class/ee106a-ahn/ros_workspaces/proj/EECS106A_TetrisBot/lab7/install/ros2_aruco_interfaces/share/ament_index/resource_index/package_run_dependencies/ros2_aruco_interfaces
[1.652s] -- Up-to-date: /home/cc/ee106a/fa25/class/ee106a-ahn/ros_workspaces/proj/EECS106A_TetrisBot/lab7/install/ros2_aruco_interfaces/share/ament_index/resource_index/parent_prefix_path/ros2_aruco_interfaces
[1.652s] -- Up-to-date: /home/cc/ee106a/fa25/class/ee106a-ahn/ros_workspaces/proj/EECS106A_TetrisBot/lab7/install/ros2_aruco_interfaces/share/ros2_aruco_interfaces/environment/ament_prefix_path.sh
[1.654s] -- Up-to-date: /home/cc/ee106a/fa25/class/ee106a-ahn/ros_workspaces/proj/EECS106A_TetrisBot/lab7/install/ros2_aruco_interfaces/share/ros2_aruco_interfaces/environment/ament_prefix_path.dsv
[1.654s] -- Up-to-date: /home/cc/ee106a/fa25/class/ee106a-ahn/ros_workspaces/proj/EECS106A_TetrisBot/lab7/install/ros2_aruco_interfaces/share/ros2_aruco_interfaces/environment/path.sh
[1.655s] -- Up-to-date: /home/cc/ee106a/fa25/class/ee106a-ahn/ros_workspaces/proj/EECS106A_TetrisBot/lab7/install/ros2_aruco_interfaces/share/ros2_aruco_interfaces/environment/path.dsv
[1.658s] -- Up-to-date: /home/cc/ee106a/fa25/class/ee106a-ahn/ros_workspaces/proj/EECS106A_TetrisBot/lab7/install/ros2_aruco_interfaces/share/ros2_aruco_interfaces/local_setup.bash
[1.659s] -- Up-to-date: /home/cc/ee106a/fa25/class/ee106a-ahn/ros_workspaces/proj/EECS106A_TetrisBot/lab7/install/ros2_aruco_interfaces/share/ros2_aruco_interfaces/local_setup.sh
[1.660s] -- Up-to-date: /home/cc/ee106a/fa25/class/ee106a-ahn/ros_workspaces/proj/EECS106A_TetrisBot/lab7/install/ros2_aruco_interfaces/share/ros2_aruco_interfaces/local_setup.zsh
[1.660s] -- Up-to-date: /home/cc/ee106a/fa25/class/ee106a-ahn/ros_workspaces/proj/EECS106A_TetrisBot/lab7/install/ros2_aruco_interfaces/share/ros2_aruco_interfaces/local_setup.dsv
[1.661s] -- Installing: /home/cc/ee106a/fa25/class/ee106a-ahn/ros_workspaces/proj/EECS106A_TetrisBot/lab7/install/ros2_aruco_interfaces/share/ros2_aruco_interfaces/package.dsv
[1.666s] -- Up-to-date: /home/cc/ee106a/fa25/class/ee106a-ahn/ros_workspaces/proj/EECS106A_TetrisBot/lab7/install/ros2_aruco_interfaces/share/ament_index/resource_index/packages/ros2_aruco_interfaces
[1.670s] -- Up-to-date: /home/cc/ee106a/fa25/class/ee106a-ahn/ros_workspaces/proj/EECS106A_TetrisBot/lab7/install/ros2_aruco_interfaces/share/ros2_aruco_interfaces/cmake/export_ros2_aruco_interfaces__rosidl_generator_cExport.cmake
[1.671s] -- Up-to-date: /home/cc/ee106a/fa25/class/ee106a-ahn/ros_workspaces/proj/EECS106A_TetrisBot/lab7/install/ros2_aruco_interfaces/share/ros2_aruco_interfaces/cmake/export_ros2_aruco_interfaces__rosidl_generator_cExport-noconfig.cmake
[1.674s] -- Up-to-date: /home/cc/ee106a/fa25/class/ee106a-ahn/ros_workspaces/proj/EECS106A_TetrisBot/lab7/install/ros2_aruco_interfaces/share/ros2_aruco_interfaces/cmake/export_ros2_aruco_interfaces__rosidl_typesupport_fastrtps_cExport.cmake
[1.675s] -- Up-to-date: /home/cc/ee106a/fa25/class/ee106a-ahn/ros_workspaces/proj/EECS106A_TetrisBot/lab7/install/ros2_aruco_interfaces/share/ros2_aruco_interfaces/cmake/export_ros2_aruco_interfaces__rosidl_typesupport_fastrtps_cExport-noconfig.cmake
[1.678s] -- Up-to-date: /home/cc/ee106a/fa25/class/ee106a-ahn/ros_workspaces/proj/EECS106A_TetrisBot/lab7/install/ros2_aruco_interfaces/share/ros2_aruco_interfaces/cmake/export_ros2_aruco_interfaces__rosidl_generator_cppExport.cmake
[1.682s] -- Up-to-date: /home/cc/ee106a/fa25/class/ee106a-ahn/ros_workspaces/proj/EECS106A_TetrisBot/lab7/install/ros2_aruco_interfaces/share/ros2_aruco_interfaces/cmake/export_ros2_aruco_interfaces__rosidl_typesupport_fastrtps_cppExport.cmake
[1.682s] -- Up-to-date: /home/cc/ee106a/fa25/class/ee106a-ahn/ros_workspaces/proj/EECS106A_TetrisBot/lab7/install/ros2_aruco_interfaces/share/ros2_aruco_interfaces/cmake/export_ros2_aruco_interfaces__rosidl_typesupport_fastrtps_cppExport-noconfig.cmake
[1.685s] -- Up-to-date: /home/cc/ee106a/fa25/class/ee106a-ahn/ros_workspaces/proj/EECS106A_TetrisBot/lab7/install/ros2_aruco_interfaces/share/ros2_aruco_interfaces/cmake/ros2_aruco_interfaces__rosidl_typesupport_introspection_cExport.cmake
[1.687s] -- Up-to-date: /home/cc/ee106a/fa25/class/ee106a-ahn/ros_workspaces/proj/EECS106A_TetrisBot/lab7/install/ros2_aruco_interfaces/share/ros2_aruco_interfaces/cmake/ros2_aruco_interfaces__rosidl_typesupport_introspection_cExport-noconfig.cmake
[1.690s] -- Up-to-date: /home/cc/ee106a/fa25/class/ee106a-ahn/ros_workspaces/proj/EECS106A_TetrisBot/lab7/install/ros2_aruco_interfaces/share/ros2_aruco_interfaces/cmake/ros2_aruco_interfaces__rosidl_typesupport_cExport.cmake
[1.692s] -- Up-to-date: /home/cc/ee106a/fa25/class/ee106a-ahn/ros_workspaces/proj/EECS106A_TetrisBot/lab7/install/ros2_aruco_interfaces/share/ros2_aruco_interfaces/cmake/ros2_aruco_interfaces__rosidl_typesupport_cExport-noconfig.cmake
[1.695s] -- Up-to-date: /home/cc/ee106a/fa25/class/ee106a-ahn/ros_workspaces/proj/EECS106A_TetrisBot/lab7/install/ros2_aruco_interfaces/share/ros2_aruco_interfaces/cmake/ros2_aruco_interfaces__rosidl_typesupport_introspection_cppExport.cmake
[1.697s] -- Up-to-date: /home/cc/ee106a/fa25/class/ee106a-ahn/ros_workspaces/proj/EECS106A_TetrisBot/lab7/install/ros2_aruco_interfaces/share/ros2_aruco_interfaces/cmake/ros2_aruco_interfaces__rosidl_typesupport_introspection_cppExport-noconfig.cmake
[1.698s] -- Up-to-date: /home/cc/ee106a/fa25/class/ee106a-ahn/ros_workspaces/proj/EECS106A_TetrisBot/lab7/install/ros2_aruco_interfaces/share/ros2_aruco_interfaces/cmake/ros2_aruco_interfaces__rosidl_typesupport_cppExport.cmake
[1.701s] -- Up-to-date: /home/cc/ee106a/fa25/class/ee106a-ahn/ros_workspaces/proj/EECS106A_TetrisBot/lab7/install/ros2_aruco_interfaces/share/ros2_aruco_interfaces/cmake/ros2_aruco_interfaces__rosidl_typesupport_cppExport-noconfig.cmake
[1.708s] -- Up-to-date: /home/cc/ee106a/fa25/class/ee106a-ahn/ros_workspaces/proj/EECS106A_TetrisBot/lab7/install/ros2_aruco_interfaces/share/ros2_aruco_interfaces/cmake/export_ros2_aruco_interfaces__rosidl_generator_pyExport.cmake
[1.708s] -- Up-to-date: /home/cc/ee106a/fa25/class/ee106a-ahn/ros_workspaces/proj/EECS106A_TetrisBot/lab7/install/ros2_aruco_interfaces/share/ros2_aruco_interfaces/cmake/export_ros2_aruco_interfaces__rosidl_generator_pyExport-noconfig.cmake
[1.709s] -- Up-to-date: /home/cc/ee106a/fa25/class/ee106a-ahn/ros_workspaces/proj/EECS106A_TetrisBot/lab7/install/ros2_aruco_interfaces/share/ros2_aruco_interfaces/cmake/rosidl_cmake-extras.cmake
[1.709s] -- Up-to-date: /home/cc/ee106a/fa25/class/ee106a-ahn/ros_workspaces/proj/EECS106A_TetrisBot/lab7/install/ros2_aruco_interfaces/share/ros2_aruco_interfaces/cmake/ament_cmake_export_dependencies-extras.cmake
[1.709s] -- Up-to-date: /home/cc/ee106a/fa25/class/ee106a-ahn/ros_workspaces/proj/EECS106A_TetrisBot/lab7/install/ros2_aruco_interfaces/share/ros2_aruco_interfaces/cmake/ament_cmake_export_include_directories-extras.cmake
[1.709s] -- Up-to-date: /home/cc/ee106a/fa25/class/ee106a-ahn/ros_workspaces/proj/EECS106A_TetrisBot/lab7/install/ros2_aruco_interfaces/share/ros2_aruco_interfaces/cmake/ament_cmake_export_libraries-extras.cmake
[1.709s] -- Up-to-date: /home/cc/ee106a/fa25/class/ee106a-ahn/ros_workspaces/proj/EECS106A_TetrisBot/lab7/install/ros2_aruco_interfaces/share/ros2_aruco_interfaces/cmake/ament_cmake_export_targets-extras.cmake
[1.709s] -- Up-to-date: /home/cc/ee106a/fa25/class/ee106a-ahn/ros_workspaces/proj/EECS106A_TetrisBot/lab7/install/ros2_aruco_interfaces/share/ros2_aruco_interfaces/cmake/rosidl_cmake_export_typesupport_targets-extras.cmake
[1.710s] -- Up-to-date: /home/cc/ee106a/fa25/class/ee106a-ahn/ros_workspaces/proj/EECS106A_TetrisBot/lab7/install/ros2_aruco_interfaces/share/ros2_aruco_interfaces/cmake/rosidl_cmake_export_typesupport_libraries-extras.cmake
[1.710s] -- Up-to-date: /home/cc/ee106a/fa25/class/ee106a-ahn/ros_workspaces/proj/EECS106A_TetrisBot/lab7/install/ros2_aruco_interfaces/share/ros2_aruco_interfaces/cmake/ros2_aruco_interfacesConfig.cmake
[1.712s] -- Up-to-date: /home/cc/ee106a/fa25/class/ee106a-ahn/ros_workspaces/proj/EECS106A_TetrisBot/lab7/install/ros2_aruco_interfaces/share/ros2_aruco_interfaces/cmake/ros2_aruco_interfacesConfig-version.cmake
[1.713s] -- Up-to-date: /home/cc/ee106a/fa25/class/ee106a-ahn/ros_workspaces/proj/EECS106A_TetrisBot/lab7/install/ros2_aruco_interfaces/share/ros2_aruco_interfaces/package.xml
[1.792s] Invoked command in '/home/cc/ee106a/fa25/class/ee106a-ahn/ros_workspaces/proj/EECS106A_TetrisBot/lab7/build/ros2_aruco_interfaces' returned '0': CMAKE_PREFIX_PATH=${CMAKE_PREFIX_PATH}:/home/cc/ee106a/fa25/class/ee106a-ahn/ros_workspaces/proj/EECS106A_TetrisBot/lab7/install/ros2_aruco:/home/cc/ee106a/fa25/class/ee106a-ahn/ros_workspaces/proj/EECS106A_TetrisBot/lab7/install/planning:/home/cc/ee106a/fa25/class/ee106a-ahn/ros_workspaces/proj/EECS106A_TetrisBot/lab7/install/perception:/home/ff/ee106a/robot_workspaces/ur/install/ur7e_utils:/opt/ros/humble /usr/bin/cmake --install /home/cc/ee106a/fa25/class/ee106a-ahn/ros_workspaces/proj/EECS106A_TetrisBot/lab7/build/ros2_aruco_interfaces
