[1.415s] Invoking command in '/home/cc/ee106a/fa25/class/ee106a-ahn/ros_workspaces/proj/EECS106A_TetrisBot/lab7/src/planning': PYTHONPATH=/home/cc/ee106a/fa25/class/ee106a-ahn/ros_workspaces/proj/EECS106A_TetrisBot/lab7/build/planning/prefix_override:/usr/lib/python3/dist-packages/colcon_core/task/python/colcon_distutils_commands:/home/cc/ee106a/fa25/class/ee106a-ahn/ros_workspaces/proj/EECS106A_TetrisBot/lab7/install/planning/lib/python3.10/site-packages:${PYTHONPATH} /usr/bin/python3 -W ignore:setup.py install is deprecated -W ignore:easy_install command is deprecated setup.py egg_info --egg-base ../../build/planning build --build-base /home/cc/ee106a/fa25/class/ee106a-ahn/ros_workspaces/proj/EECS106A_TetrisBot/lab7/build/planning/build install --record /home/cc/ee106a/fa25/class/ee106a-ahn/ros_workspaces/proj/EECS106A_TetrisBot/lab7/build/planning/install.log --single-version-externally-managed install_data
[1.676s] running egg_info
[1.677s] writing ../../build/planning/planning.egg-info/PKG-INFO
[1.680s] writing dependency_links to ../../build/planning/planning.egg-info/dependency_links.txt
[1.683s] writing entry points to ../../build/planning/planning.egg-info/entry_points.txt
[1.685s] writing requirements to ../../build/planning/planning.egg-info/requires.txt
[1.688s] writing top-level names to ../../build/planning/planning.egg-info/top_level.txt
[1.695s] reading manifest file '../../build/planning/planning.egg-info/SOURCES.txt'
[1.697s] writing manifest file '../../build/planning/planning.egg-info/SOURCES.txt'
[1.698s] running build
[1.698s] running build_py
[1.699s] copying planning/test_planning.py -> /home/cc/ee106a/fa25/class/ee106a-ahn/ros_workspaces/proj/EECS106A_TetrisBot/lab7/build/planning/build/lib/planning
[1.703s] running install
[1.703s] running install_lib
[1.706s] copying /home/cc/ee106a/fa25/class/ee106a-ahn/ros_workspaces/proj/EECS106A_TetrisBot/lab7/build/planning/build/lib/planning/test_planning.py -> /home/cc/ee106a/fa25/class/ee106a-ahn/ros_workspaces/proj/EECS106A_TetrisBot/lab7/install/planning/lib/python3.10/site-packages/planning
[1.717s] byte-compiling /home/cc/ee106a/fa25/class/ee106a-ahn/ros_workspaces/proj/EECS106A_TetrisBot/lab7/install/planning/lib/python3.10/site-packages/planning/test_planning.py to test_planning.cpython-310.pyc
[1.724s] running install_data
[1.725s] running install_egg_info
[1.726s] removing '/home/cc/ee106a/fa25/class/ee106a-ahn/ros_workspaces/proj/EECS106A_TetrisBot/lab7/install/planning/lib/python3.10/site-packages/planning-0.0.0-py3.10.egg-info' (and everything under it)
[1.733s] Copying ../../build/planning/planning.egg-info to /home/cc/ee106a/fa25/class/ee106a-ahn/ros_workspaces/proj/EECS106A_TetrisBot/lab7/install/planning/lib/python3.10/site-packages/planning-0.0.0-py3.10.egg-info
[1.771s] running install_scripts
[1.799s] Installing ik script to /home/cc/ee106a/fa25/class/ee106a-ahn/ros_workspaces/proj/EECS106A_TetrisBot/lab7/install/planning/lib/planning
[1.801s] Installing main script to /home/cc/ee106a/fa25/class/ee106a-ahn/ros_workspaces/proj/EECS106A_TetrisBot/lab7/install/planning/lib/planning
[1.804s] Installing test_planning script to /home/cc/ee106a/fa25/class/ee106a-ahn/ros_workspaces/proj/EECS106A_TetrisBot/lab7/install/planning/lib/planning
[1.806s] Installing tf script to /home/cc/ee106a/fa25/class/ee106a-ahn/ros_workspaces/proj/EECS106A_TetrisBot/lab7/install/planning/lib/planning
[1.809s] Installing transform_cube_pose script to /home/cc/ee106a/fa25/class/ee106a-ahn/ros_workspaces/proj/EECS106A_TetrisBot/lab7/install/planning/lib/planning
[1.813s] writing list of installed files to '/home/cc/ee106a/fa25/class/ee106a-ahn/ros_workspaces/proj/EECS106A_TetrisBot/lab7/build/planning/install.log'
[1.920s] Invoked command in '/home/cc/ee106a/fa25/class/ee106a-ahn/ros_workspaces/proj/EECS106A_TetrisBot/lab7/src/planning' returned '0': PYTHONPATH=/home/cc/ee106a/fa25/class/ee106a-ahn/ros_workspaces/proj/EECS106A_TetrisBot/lab7/build/planning/prefix_override:/usr/lib/python3/dist-packages/colcon_core/task/python/colcon_distutils_commands:/home/cc/ee106a/fa25/class/ee106a-ahn/ros_workspaces/proj/EECS106A_TetrisBot/lab7/install/planning/lib/python3.10/site-packages:${PYTHONPATH} /usr/bin/python3 -W ignore:setup.py install is deprecated -W ignore:easy_install command is deprecated setup.py egg_info --egg-base ../../build/planning build --build-base /home/cc/ee106a/fa25/class/ee106a-ahn/ros_workspaces/proj/EECS106A_TetrisBot/lab7/build/planning/build install --record /home/cc/ee106a/fa25/class/ee106a-ahn/ros_workspaces/proj/EECS106A_TetrisBot/lab7/build/planning/install.log --single-version-externally-managed install_data
