[1.161s] Invoking command in '/home/cc/ee106a/fa25/class/ee106a-acy/ros_workspaces/lab7/src/planning': PYTHONPATH=/home/cc/ee106a/fa25/class/ee106a-acy/ros_workspaces/lab7/build/planning/prefix_override:/usr/lib/python3/dist-packages/colcon_core/task/python/colcon_distutils_commands:/home/cc/ee106a/fa25/class/ee106a-acy/ros_workspaces/lab7/install/planning/lib/python3.10/site-packages:${PYTHONPATH} /usr/bin/python3 -W ignore:setup.py install is deprecated -W ignore:easy_install command is deprecated setup.py egg_info --egg-base ../../build/planning build --build-base /home/cc/ee106a/fa25/class/ee106a-acy/ros_workspaces/lab7/build/planning/build install --record /home/cc/ee106a/fa25/class/ee106a-acy/ros_workspaces/lab7/build/planning/install.log --single-version-externally-managed install_data
[1.370s] running egg_info
[1.371s] writing ../../build/planning/planning.egg-info/PKG-INFO
[1.374s] writing dependency_links to ../../build/planning/planning.egg-info/dependency_links.txt
[1.377s] writing entry points to ../../build/planning/planning.egg-info/entry_points.txt
[1.380s] writing requirements to ../../build/planning/planning.egg-info/requires.txt
[1.382s] writing top-level names to ../../build/planning/planning.egg-info/top_level.txt
[1.390s] reading manifest file '../../build/planning/planning.egg-info/SOURCES.txt'
[1.393s] writing manifest file '../../build/planning/planning.egg-info/SOURCES.txt'
[1.395s] running build
[1.395s] running build_py
[1.398s] running install
[1.399s] running install_lib
[1.403s] running install_data
[1.406s] running install_egg_info
[1.408s] removing '/home/cc/ee106a/fa25/class/ee106a-acy/ros_workspaces/lab7/install/planning/lib/python3.10/site-packages/planning-0.0.0-py3.10.egg-info' (and everything under it)
[1.414s] Copying ../../build/planning/planning.egg-info to /home/cc/ee106a/fa25/class/ee106a-acy/ros_workspaces/lab7/install/planning/lib/python3.10/site-packages/planning-0.0.0-py3.10.egg-info
[1.446s] running install_scripts
[1.465s] Installing ik script to /home/cc/ee106a/fa25/class/ee106a-acy/ros_workspaces/lab7/install/planning/lib/planning
[1.468s] Installing main script to /home/cc/ee106a/fa25/class/ee106a-acy/ros_workspaces/lab7/install/planning/lib/planning
[1.471s] Installing tf script to /home/cc/ee106a/fa25/class/ee106a-acy/ros_workspaces/lab7/install/planning/lib/planning
[1.473s] Installing transform_cube_pose script to /home/cc/ee106a/fa25/class/ee106a-acy/ros_workspaces/lab7/install/planning/lib/planning
[1.476s] writing list of installed files to '/home/cc/ee106a/fa25/class/ee106a-acy/ros_workspaces/lab7/build/planning/install.log'
[1.534s] Invoked command in '/home/cc/ee106a/fa25/class/ee106a-acy/ros_workspaces/lab7/src/planning' returned '0': PYTHONPATH=/home/cc/ee106a/fa25/class/ee106a-acy/ros_workspaces/lab7/build/planning/prefix_override:/usr/lib/python3/dist-packages/colcon_core/task/python/colcon_distutils_commands:/home/cc/ee106a/fa25/class/ee106a-acy/ros_workspaces/lab7/install/planning/lib/python3.10/site-packages:${PYTHONPATH} /usr/bin/python3 -W ignore:setup.py install is deprecated -W ignore:easy_install command is deprecated setup.py egg_info --egg-base ../../build/planning build --build-base /home/cc/ee106a/fa25/class/ee106a-acy/ros_workspaces/lab7/build/planning/build install --record /home/cc/ee106a/fa25/class/ee106a-acy/ros_workspaces/lab7/build/planning/install.log --single-version-externally-managed install_data
