[0.217s] DEBUG:colcon:Command line arguments: ['/usr/bin/colcon', 'build']
[0.218s] DEBUG:colcon:Parsed command line arguments: Namespace(log_base=None, log_level=None, verb_name='build', build_base='build', install_base='install', merge_install=False, symlink_install=False, test_result_base=None, continue_on_error=False, executor='parallel', parallel_workers=32, event_handlers=None, ignore_user_meta=False, metas=['./colcon.meta'], base_paths=['.'], packages_ignore=None, packages_ignore_regex=None, paths=None, packages_up_to=None, packages_up_to_regex=None, packages_above=None, packages_above_and_dependencies=None, packages_above_depth=None, packages_select_by_dep=None, packages_skip_by_dep=None, packages_skip_up_to=None, packages_select_build_failed=False, packages_skip_build_finished=False, packages_select_test_failures=False, packages_skip_test_passed=False, packages_select=None, packages_skip=None, packages_select_regex=None, packages_skip_regex=None, packages_start=None, packages_end=None, cmake_args=None, cmake_target=None, cmake_target_skip_unavailable=False, cmake_clean_cache=False, cmake_clean_first=False, cmake_force_configure=False, ament_cmake_args=None, catkin_cmake_args=None, catkin_skip_building_tests=False, mixin_files=None, mixin=None, verb_parser=<colcon_mixin.mixin.mixin_argument.MixinArgumentDecorator object at 0x7577d9b2a7a0>, verb_extension=<colcon_core.verb.build.BuildVerb object at 0x7577d9b29b40>, main=<bound method BuildVerb.main of <colcon_core.verb.build.BuildVerb object at 0x7577d9b29b40>>, mixin_verb=('build',))
[0.565s] Level 1:colcon.colcon_core.package_discovery:discover_packages(colcon_meta) check parameters
[0.566s] Level 1:colcon.colcon_core.package_discovery:discover_packages(recursive) check parameters
[0.566s] Level 1:colcon.colcon_core.package_discovery:discover_packages(ignore) check parameters
[0.566s] Level 1:colcon.colcon_core.package_discovery:discover_packages(path) check parameters
[0.566s] Level 1:colcon.colcon_core.package_discovery:discover_packages(colcon_meta) discover
[0.567s] Level 1:colcon.colcon_core.package_discovery:discover_packages(recursive) discover
[0.567s] INFO:colcon.colcon_core.package_discovery:Crawling recursively for packages in '/home/cc/ee106a/fa25/class/ee106a-ahn/ros_workspaces/proj/EECS106A_TetrisBot/lab7'
[0.567s] Level 1:colcon.colcon_core.package_identification:_identify(.) by extensions ['ignore', 'ignore_ament_install']
[0.567s] Level 1:colcon.colcon_core.package_identification:_identify(.) by extension 'ignore'
[0.568s] Level 1:colcon.colcon_core.package_identification:_identify(.) by extension 'ignore_ament_install'
[0.569s] Level 1:colcon.colcon_core.package_identification:_identify(.) by extensions ['colcon_pkg']
[0.569s] Level 1:colcon.colcon_core.package_identification:_identify(.) by extension 'colcon_pkg'
[0.569s] Level 1:colcon.colcon_core.package_identification:_identify(.) by extensions ['colcon_meta']
[0.569s] Level 1:colcon.colcon_core.package_identification:_identify(.) by extension 'colcon_meta'
[0.569s] Level 1:colcon.colcon_core.package_identification:_identify(.) by extensions ['ros']
[0.570s] Level 1:colcon.colcon_core.package_identification:_identify(.) by extension 'ros'
[0.581s] Level 1:colcon.colcon_core.package_identification:_identify(.) by extensions ['cmake', 'python']
[0.581s] Level 1:colcon.colcon_core.package_identification:_identify(.) by extension 'cmake'
[0.582s] Level 1:colcon.colcon_core.package_identification:_identify(.) by extension 'python'
[0.582s] Level 1:colcon.colcon_core.package_identification:_identify(.) by extensions ['python_setup_py']
[0.583s] Level 1:colcon.colcon_core.package_identification:_identify(.) by extension 'python_setup_py'
[0.583s] Level 1:colcon.colcon_core.package_identification:_identify(build) by extensions ['ignore', 'ignore_ament_install']
[0.583s] Level 1:colcon.colcon_core.package_identification:_identify(build) by extension 'ignore'
[0.583s] Level 1:colcon.colcon_core.package_identification:_identify(build) ignored
[0.584s] Level 1:colcon.colcon_core.package_identification:_identify(install) by extensions ['ignore', 'ignore_ament_install']
[0.584s] Level 1:colcon.colcon_core.package_identification:_identify(install) by extension 'ignore'
[0.585s] Level 1:colcon.colcon_core.package_identification:_identify(install) ignored
[0.587s] Level 1:colcon.colcon_core.package_identification:_identify(log) by extensions ['ignore', 'ignore_ament_install']
[0.587s] Level 1:colcon.colcon_core.package_identification:_identify(log) by extension 'ignore'
[0.587s] Level 1:colcon.colcon_core.package_identification:_identify(log) ignored
[0.588s] Level 1:colcon.colcon_core.package_identification:_identify(src) by extensions ['ignore', 'ignore_ament_install']
[0.588s] Level 1:colcon.colcon_core.package_identification:_identify(src) by extension 'ignore'
[0.589s] Level 1:colcon.colcon_core.package_identification:_identify(src) by extension 'ignore_ament_install'
[0.590s] Level 1:colcon.colcon_core.package_identification:_identify(src) by extensions ['colcon_pkg']
[0.590s] Level 1:colcon.colcon_core.package_identification:_identify(src) by extension 'colcon_pkg'
[0.590s] Level 1:colcon.colcon_core.package_identification:_identify(src) by extensions ['colcon_meta']
[0.590s] Level 1:colcon.colcon_core.package_identification:_identify(src) by extension 'colcon_meta'
[0.590s] Level 1:colcon.colcon_core.package_identification:_identify(src) by extensions ['ros']
[0.590s] Level 1:colcon.colcon_core.package_identification:_identify(src) by extension 'ros'
[0.591s] Level 1:colcon.colcon_core.package_identification:_identify(src) by extensions ['cmake', 'python']
[0.591s] Level 1:colcon.colcon_core.package_identification:_identify(src) by extension 'cmake'
[0.592s] Level 1:colcon.colcon_core.package_identification:_identify(src) by extension 'python'
[0.592s] Level 1:colcon.colcon_core.package_identification:_identify(src) by extensions ['python_setup_py']
[0.592s] Level 1:colcon.colcon_core.package_identification:_identify(src) by extension 'python_setup_py'
[0.593s] Level 1:colcon.colcon_core.package_identification:_identify(src/perception) by extensions ['ignore', 'ignore_ament_install']
[0.593s] Level 1:colcon.colcon_core.package_identification:_identify(src/perception) by extension 'ignore'
[0.594s] Level 1:colcon.colcon_core.package_identification:_identify(src/perception) by extension 'ignore_ament_install'
[0.595s] Level 1:colcon.colcon_core.package_identification:_identify(src/perception) by extensions ['colcon_pkg']
[0.595s] Level 1:colcon.colcon_core.package_identification:_identify(src/perception) by extension 'colcon_pkg'
[0.595s] Level 1:colcon.colcon_core.package_identification:_identify(src/perception) by extensions ['colcon_meta']
[0.595s] Level 1:colcon.colcon_core.package_identification:_identify(src/perception) by extension 'colcon_meta'
[0.595s] Level 1:colcon.colcon_core.package_identification:_identify(src/perception) by extensions ['ros']
[0.596s] Level 1:colcon.colcon_core.package_identification:_identify(src/perception) by extension 'ros'
[0.601s] DEBUG:colcon.colcon_core.package_identification:Package 'src/perception' with type 'ros.ament_python' and name 'perception'
[0.602s] Level 1:colcon.colcon_core.package_identification:_identify(src/planning) by extensions ['ignore', 'ignore_ament_install']
[0.602s] Level 1:colcon.colcon_core.package_identification:_identify(src/planning) by extension 'ignore'
[0.603s] Level 1:colcon.colcon_core.package_identification:_identify(src/planning) by extension 'ignore_ament_install'
[0.604s] Level 1:colcon.colcon_core.package_identification:_identify(src/planning) by extensions ['colcon_pkg']
[0.604s] Level 1:colcon.colcon_core.package_identification:_identify(src/planning) by extension 'colcon_pkg'
[0.604s] Level 1:colcon.colcon_core.package_identification:_identify(src/planning) by extensions ['colcon_meta']
[0.604s] Level 1:colcon.colcon_core.package_identification:_identify(src/planning) by extension 'colcon_meta'
[0.604s] Level 1:colcon.colcon_core.package_identification:_identify(src/planning) by extensions ['ros']
[0.605s] Level 1:colcon.colcon_core.package_identification:_identify(src/planning) by extension 'ros'
[0.607s] DEBUG:colcon.colcon_core.package_identification:Package 'src/planning' with type 'ros.ament_python' and name 'planning'
[0.608s] Level 1:colcon.colcon_core.package_identification:_identify(src/ros2_aruco) by extensions ['ignore', 'ignore_ament_install']
[0.608s] Level 1:colcon.colcon_core.package_identification:_identify(src/ros2_aruco) by extension 'ignore'
[0.608s] Level 1:colcon.colcon_core.package_identification:_identify(src/ros2_aruco) by extension 'ignore_ament_install'
[0.609s] Level 1:colcon.colcon_core.package_identification:_identify(src/ros2_aruco) by extensions ['colcon_pkg']
[0.609s] Level 1:colcon.colcon_core.package_identification:_identify(src/ros2_aruco) by extension 'colcon_pkg'
[0.610s] Level 1:colcon.colcon_core.package_identification:_identify(src/ros2_aruco) by extensions ['colcon_meta']
[0.610s] Level 1:colcon.colcon_core.package_identification:_identify(src/ros2_aruco) by extension 'colcon_meta'
[0.610s] Level 1:colcon.colcon_core.package_identification:_identify(src/ros2_aruco) by extensions ['ros']
[0.610s] Level 1:colcon.colcon_core.package_identification:_identify(src/ros2_aruco) by extension 'ros'
[0.612s] Level 1:colcon.colcon_core.package_identification:_identify(src/ros2_aruco) by extensions ['cmake', 'python']
[0.612s] Level 1:colcon.colcon_core.package_identification:_identify(src/ros2_aruco) by extension 'cmake'
[0.612s] Level 1:colcon.colcon_core.package_identification:_identify(src/ros2_aruco) by extension 'python'
[0.613s] Level 1:colcon.colcon_core.package_identification:_identify(src/ros2_aruco) by extensions ['python_setup_py']
[0.613s] Level 1:colcon.colcon_core.package_identification:_identify(src/ros2_aruco) by extension 'python_setup_py'
[0.614s] Level 1:colcon.colcon_core.package_identification:_identify(src/ros2_aruco/ros2_aruco) by extensions ['ignore', 'ignore_ament_install']
[0.614s] Level 1:colcon.colcon_core.package_identification:_identify(src/ros2_aruco/ros2_aruco) by extension 'ignore'
[0.614s] Level 1:colcon.colcon_core.package_identification:_identify(src/ros2_aruco/ros2_aruco) by extension 'ignore_ament_install'
[0.615s] Level 1:colcon.colcon_core.package_identification:_identify(src/ros2_aruco/ros2_aruco) by extensions ['colcon_pkg']
[0.615s] Level 1:colcon.colcon_core.package_identification:_identify(src/ros2_aruco/ros2_aruco) by extension 'colcon_pkg'
[0.616s] Level 1:colcon.colcon_core.package_identification:_identify(src/ros2_aruco/ros2_aruco) by extensions ['colcon_meta']
[0.616s] Level 1:colcon.colcon_core.package_identification:_identify(src/ros2_aruco/ros2_aruco) by extension 'colcon_meta'
[0.616s] Level 1:colcon.colcon_core.package_identification:_identify(src/ros2_aruco/ros2_aruco) by extensions ['ros']
[0.616s] Level 1:colcon.colcon_core.package_identification:_identify(src/ros2_aruco/ros2_aruco) by extension 'ros'
[0.619s] DEBUG:colcon.colcon_core.package_identification:Package 'src/ros2_aruco/ros2_aruco' with type 'ros.ament_python' and name 'ros2_aruco'
[0.620s] Level 1:colcon.colcon_core.package_identification:_identify(src/ros2_aruco/ros2_aruco_interfaces) by extensions ['ignore', 'ignore_ament_install']
[0.620s] Level 1:colcon.colcon_core.package_identification:_identify(src/ros2_aruco/ros2_aruco_interfaces) by extension 'ignore'
[0.621s] Level 1:colcon.colcon_core.package_identification:_identify(src/ros2_aruco/ros2_aruco_interfaces) by extension 'ignore_ament_install'
[0.622s] Level 1:colcon.colcon_core.package_identification:_identify(src/ros2_aruco/ros2_aruco_interfaces) by extensions ['colcon_pkg']
[0.622s] Level 1:colcon.colcon_core.package_identification:_identify(src/ros2_aruco/ros2_aruco_interfaces) by extension 'colcon_pkg'
[0.622s] Level 1:colcon.colcon_core.package_identification:_identify(src/ros2_aruco/ros2_aruco_interfaces) by extensions ['colcon_meta']
[0.622s] Level 1:colcon.colcon_core.package_identification:_identify(src/ros2_aruco/ros2_aruco_interfaces) by extension 'colcon_meta'
[0.623s] Level 1:colcon.colcon_core.package_identification:_identify(src/ros2_aruco/ros2_aruco_interfaces) by extensions ['ros']
[0.623s] Level 1:colcon.colcon_core.package_identification:_identify(src/ros2_aruco/ros2_aruco_interfaces) by extension 'ros'
[0.627s] DEBUG:colcon.colcon_core.package_identification:Package 'src/ros2_aruco/ros2_aruco_interfaces' with type 'ros.ament_cmake' and name 'ros2_aruco_interfaces'
[0.627s] Level 1:colcon.colcon_core.package_discovery:discover_packages(recursive) using defaults
[0.627s] Level 1:colcon.colcon_core.package_discovery:discover_packages(ignore) discover
[0.627s] Level 1:colcon.colcon_core.package_discovery:discover_packages(ignore) using defaults
[0.627s] Level 1:colcon.colcon_core.package_discovery:discover_packages(path) discover
[0.627s] Level 1:colcon.colcon_core.package_discovery:discover_packages(path) using defaults
[0.661s] Level 5:colcon.colcon_core.verb:set package 'perception' build argument 'cmake_args' from command line to 'None'
[0.661s] Level 5:colcon.colcon_core.verb:set package 'perception' build argument 'cmake_target' from command line to 'None'
[0.661s] Level 5:colcon.colcon_core.verb:set package 'perception' build argument 'cmake_target_skip_unavailable' from command line to 'False'
[0.661s] Level 5:colcon.colcon_core.verb:set package 'perception' build argument 'cmake_clean_cache' from command line to 'False'
[0.661s] Level 5:colcon.colcon_core.verb:set package 'perception' build argument 'cmake_clean_first' from command line to 'False'
[0.662s] Level 5:colcon.colcon_core.verb:set package 'perception' build argument 'cmake_force_configure' from command line to 'False'
[0.662s] Level 5:colcon.colcon_core.verb:set package 'perception' build argument 'ament_cmake_args' from command line to 'None'
[0.662s] Level 5:colcon.colcon_core.verb:set package 'perception' build argument 'catkin_cmake_args' from command line to 'None'
[0.662s] Level 5:colcon.colcon_core.verb:set package 'perception' build argument 'catkin_skip_building_tests' from command line to 'False'
[0.662s] DEBUG:colcon.colcon_core.verb:Building package 'perception' with the following arguments: {'ament_cmake_args': None, 'build_base': '/home/cc/ee106a/fa25/class/ee106a-ahn/ros_workspaces/proj/EECS106A_TetrisBot/lab7/build/perception', 'catkin_cmake_args': None, 'catkin_skip_building_tests': False, 'cmake_args': None, 'cmake_clean_cache': False, 'cmake_clean_first': False, 'cmake_force_configure': False, 'cmake_target': None, 'cmake_target_skip_unavailable': False, 'install_base': '/home/cc/ee106a/fa25/class/ee106a-ahn/ros_workspaces/proj/EECS106A_TetrisBot/lab7/install/perception', 'merge_install': False, 'path': '/home/cc/ee106a/fa25/class/ee106a-ahn/ros_workspaces/proj/EECS106A_TetrisBot/lab7/src/perception', 'symlink_install': False, 'test_result_base': None}
[0.663s] Level 5:colcon.colcon_core.verb:set package 'planning' build argument 'cmake_args' from command line to 'None'
[0.663s] Level 5:colcon.colcon_core.verb:set package 'planning' build argument 'cmake_target' from command line to 'None'
[0.663s] Level 5:colcon.colcon_core.verb:set package 'planning' build argument 'cmake_target_skip_unavailable' from command line to 'False'
[0.663s] Level 5:colcon.colcon_core.verb:set package 'planning' build argument 'cmake_clean_cache' from command line to 'False'
[0.663s] Level 5:colcon.colcon_core.verb:set package 'planning' build argument 'cmake_clean_first' from command line to 'False'
[0.663s] Level 5:colcon.colcon_core.verb:set package 'planning' build argument 'cmake_force_configure' from command line to 'False'
[0.663s] Level 5:colcon.colcon_core.verb:set package 'planning' build argument 'ament_cmake_args' from command line to 'None'
[0.663s] Level 5:colcon.colcon_core.verb:set package 'planning' build argument 'catkin_cmake_args' from command line to 'None'
[0.663s] Level 5:colcon.colcon_core.verb:set package 'planning' build argument 'catkin_skip_building_tests' from command line to 'False'
[0.664s] DEBUG:colcon.colcon_core.verb:Building package 'planning' with the following arguments: {'ament_cmake_args': None, 'build_base': '/home/cc/ee106a/fa25/class/ee106a-ahn/ros_workspaces/proj/EECS106A_TetrisBot/lab7/build/planning', 'catkin_cmake_args': None, 'catkin_skip_building_tests': False, 'cmake_args': None, 'cmake_clean_cache': False, 'cmake_clean_first': False, 'cmake_force_configure': False, 'cmake_target': None, 'cmake_target_skip_unavailable': False, 'install_base': '/home/cc/ee106a/fa25/class/ee106a-ahn/ros_workspaces/proj/EECS106A_TetrisBot/lab7/install/planning', 'merge_install': False, 'path': '/home/cc/ee106a/fa25/class/ee106a-ahn/ros_workspaces/proj/EECS106A_TetrisBot/lab7/src/planning', 'symlink_install': False, 'test_result_base': None}
[0.664s] Level 5:colcon.colcon_core.verb:set package 'ros2_aruco' build argument 'cmake_args' from command line to 'None'
[0.664s] Level 5:colcon.colcon_core.verb:set package 'ros2_aruco' build argument 'cmake_target' from command line to 'None'
[0.664s] Level 5:colcon.colcon_core.verb:set package 'ros2_aruco' build argument 'cmake_target_skip_unavailable' from command line to 'False'
[0.664s] Level 5:colcon.colcon_core.verb:set package 'ros2_aruco' build argument 'cmake_clean_cache' from command line to 'False'
[0.664s] Level 5:colcon.colcon_core.verb:set package 'ros2_aruco' build argument 'cmake_clean_first' from command line to 'False'
[0.664s] Level 5:colcon.colcon_core.verb:set package 'ros2_aruco' build argument 'cmake_force_configure' from command line to 'False'
[0.665s] Level 5:colcon.colcon_core.verb:set package 'ros2_aruco' build argument 'ament_cmake_args' from command line to 'None'
[0.665s] Level 5:colcon.colcon_core.verb:set package 'ros2_aruco' build argument 'catkin_cmake_args' from command line to 'None'
[0.665s] Level 5:colcon.colcon_core.verb:set package 'ros2_aruco' build argument 'catkin_skip_building_tests' from command line to 'False'
[0.665s] DEBUG:colcon.colcon_core.verb:Building package 'ros2_aruco' with the following arguments: {'ament_cmake_args': None, 'build_base': '/home/cc/ee106a/fa25/class/ee106a-ahn/ros_workspaces/proj/EECS106A_TetrisBot/lab7/build/ros2_aruco', 'catkin_cmake_args': None, 'catkin_skip_building_tests': False, 'cmake_args': None, 'cmake_clean_cache': False, 'cmake_clean_first': False, 'cmake_force_configure': False, 'cmake_target': None, 'cmake_target_skip_unavailable': False, 'install_base': '/home/cc/ee106a/fa25/class/ee106a-ahn/ros_workspaces/proj/EECS106A_TetrisBot/lab7/install/ros2_aruco', 'merge_install': False, 'path': '/home/cc/ee106a/fa25/class/ee106a-ahn/ros_workspaces/proj/EECS106A_TetrisBot/lab7/src/ros2_aruco/ros2_aruco', 'symlink_install': False, 'test_result_base': None}
[0.665s] Level 5:colcon.colcon_core.verb:set package 'ros2_aruco_interfaces' build argument 'cmake_args' from command line to 'None'
[0.665s] Level 5:colcon.colcon_core.verb:set package 'ros2_aruco_interfaces' build argument 'cmake_target' from command line to 'None'
[0.665s] Level 5:colcon.colcon_core.verb:set package 'ros2_aruco_interfaces' build argument 'cmake_target_skip_unavailable' from command line to 'False'
[0.665s] Level 5:colcon.colcon_core.verb:set package 'ros2_aruco_interfaces' build argument 'cmake_clean_cache' from command line to 'False'
[0.665s] Level 5:colcon.colcon_core.verb:set package 'ros2_aruco_interfaces' build argument 'cmake_clean_first' from command line to 'False'
[0.665s] Level 5:colcon.colcon_core.verb:set package 'ros2_aruco_interfaces' build argument 'cmake_force_configure' from command line to 'False'
[0.665s] Level 5:colcon.colcon_core.verb:set package 'ros2_aruco_interfaces' build argument 'ament_cmake_args' from command line to 'None'
[0.665s] Level 5:colcon.colcon_core.verb:set package 'ros2_aruco_interfaces' build argument 'catkin_cmake_args' from command line to 'None'
[0.666s] Level 5:colcon.colcon_core.verb:set package 'ros2_aruco_interfaces' build argument 'catkin_skip_building_tests' from command line to 'False'
[0.666s] DEBUG:colcon.colcon_core.verb:Building package 'ros2_aruco_interfaces' with the following arguments: {'ament_cmake_args': None, 'build_base': '/home/cc/ee106a/fa25/class/ee106a-ahn/ros_workspaces/proj/EECS106A_TetrisBot/lab7/build/ros2_aruco_interfaces', 'catkin_cmake_args': None, 'catkin_skip_building_tests': False, 'cmake_args': None, 'cmake_clean_cache': False, 'cmake_clean_first': False, 'cmake_force_configure': False, 'cmake_target': None, 'cmake_target_skip_unavailable': False, 'install_base': '/home/cc/ee106a/fa25/class/ee106a-ahn/ros_workspaces/proj/EECS106A_TetrisBot/lab7/install/ros2_aruco_interfaces', 'merge_install': False, 'path': '/home/cc/ee106a/fa25/class/ee106a-ahn/ros_workspaces/proj/EECS106A_TetrisBot/lab7/src/ros2_aruco/ros2_aruco_interfaces', 'symlink_install': False, 'test_result_base': None}
[0.666s] INFO:colcon.colcon_core.executor:Executing jobs using 'parallel' executor
[0.667s] DEBUG:colcon.colcon_parallel_executor.executor.parallel:run_until_complete
[0.667s] INFO:colcon.colcon_ros.task.ament_python.build:Building ROS package in '/home/cc/ee106a/fa25/class/ee106a-ahn/ros_workspaces/proj/EECS106A_TetrisBot/lab7/src/perception' with build type 'ament_python'
[0.668s] Level 1:colcon.colcon_core.shell:create_environment_hook('perception', 'ament_prefix_path')
[0.672s] INFO:colcon.colcon_core.plugin_system:Skipping extension 'colcon_core.shell.bat': Not used on non-Windows systems
[0.672s] INFO:colcon.colcon_core.shell:Creating environment hook '/home/cc/ee106a/fa25/class/ee106a-ahn/ros_workspaces/proj/EECS106A_TetrisBot/lab7/install/perception/share/perception/hook/ament_prefix_path.ps1'
[0.675s] INFO:colcon.colcon_core.shell:Creating environment descriptor '/home/cc/ee106a/fa25/class/ee106a-ahn/ros_workspaces/proj/EECS106A_TetrisBot/lab7/install/perception/share/perception/hook/ament_prefix_path.dsv'
[0.677s] INFO:colcon.colcon_core.shell:Creating environment hook '/home/cc/ee106a/fa25/class/ee106a-ahn/ros_workspaces/proj/EECS106A_TetrisBot/lab7/install/perception/share/perception/hook/ament_prefix_path.sh'
[0.680s] INFO:colcon.colcon_core.shell:Skip shell extension 'powershell' for command environment: Not usable outside of PowerShell
[0.680s] DEBUG:colcon.colcon_core.shell:Skip shell extension 'dsv' for command environment
[0.711s] INFO:colcon.colcon_ros.task.ament_python.build:Building ROS package in '/home/cc/ee106a/fa25/class/ee106a-ahn/ros_workspaces/proj/EECS106A_TetrisBot/lab7/src/planning' with build type 'ament_python'
[0.711s] Level 1:colcon.colcon_core.shell:create_environment_hook('planning', 'ament_prefix_path')
[0.711s] INFO:colcon.colcon_core.shell:Creating environment hook '/home/cc/ee106a/fa25/class/ee106a-ahn/ros_workspaces/proj/EECS106A_TetrisBot/lab7/install/planning/share/planning/hook/ament_prefix_path.ps1'
[0.715s] INFO:colcon.colcon_core.shell:Creating environment descriptor '/home/cc/ee106a/fa25/class/ee106a-ahn/ros_workspaces/proj/EECS106A_TetrisBot/lab7/install/planning/share/planning/hook/ament_prefix_path.dsv'
[0.717s] INFO:colcon.colcon_core.shell:Creating environment hook '/home/cc/ee106a/fa25/class/ee106a-ahn/ros_workspaces/proj/EECS106A_TetrisBot/lab7/install/planning/share/planning/hook/ament_prefix_path.sh'
[0.721s] INFO:colcon.colcon_core.shell:Skip shell extension 'powershell' for command environment: Not usable outside of PowerShell
[0.721s] DEBUG:colcon.colcon_core.shell:Skip shell extension 'dsv' for command environment
[0.740s] INFO:colcon.colcon_ros.task.ament_python.build:Building ROS package in '/home/cc/ee106a/fa25/class/ee106a-ahn/ros_workspaces/proj/EECS106A_TetrisBot/lab7/src/ros2_aruco/ros2_aruco' with build type 'ament_python'
[0.740s] Level 1:colcon.colcon_core.shell:create_environment_hook('ros2_aruco', 'ament_prefix_path')
[0.741s] INFO:colcon.colcon_core.shell:Creating environment hook '/home/cc/ee106a/fa25/class/ee106a-ahn/ros_workspaces/proj/EECS106A_TetrisBot/lab7/install/ros2_aruco/share/ros2_aruco/hook/ament_prefix_path.ps1'
[0.745s] INFO:colcon.colcon_core.shell:Creating environment descriptor '/home/cc/ee106a/fa25/class/ee106a-ahn/ros_workspaces/proj/EECS106A_TetrisBot/lab7/install/ros2_aruco/share/ros2_aruco/hook/ament_prefix_path.dsv'
[0.748s] INFO:colcon.colcon_core.shell:Creating environment hook '/home/cc/ee106a/fa25/class/ee106a-ahn/ros_workspaces/proj/EECS106A_TetrisBot/lab7/install/ros2_aruco/share/ros2_aruco/hook/ament_prefix_path.sh'
[0.752s] INFO:colcon.colcon_core.shell:Skip shell extension 'powershell' for command environment: Not usable outside of PowerShell
[0.752s] DEBUG:colcon.colcon_core.shell:Skip shell extension 'dsv' for command environment
[0.773s] INFO:colcon.colcon_ros.task.ament_cmake.build:Building ROS package in '/home/cc/ee106a/fa25/class/ee106a-ahn/ros_workspaces/proj/EECS106A_TetrisBot/lab7/src/ros2_aruco/ros2_aruco_interfaces' with build type 'ament_cmake'
[0.774s] INFO:colcon.colcon_cmake.task.cmake.build:Building CMake package in '/home/cc/ee106a/fa25/class/ee106a-ahn/ros_workspaces/proj/EECS106A_TetrisBot/lab7/src/ros2_aruco/ros2_aruco_interfaces'
[0.775s] INFO:colcon.colcon_core.shell:Skip shell extension 'powershell' for command environment: Not usable outside of PowerShell
[0.775s] DEBUG:colcon.colcon_core.shell:Skip shell extension 'dsv' for command environment
[1.025s] INFO:colcon.colcon_core.task.python.build:Building Python package in '/home/cc/ee106a/fa25/class/ee106a-ahn/ros_workspaces/proj/EECS106A_TetrisBot/lab7/src/perception'
[1.025s] INFO:colcon.colcon_core.shell:Skip shell extension 'powershell' for command environment: Not usable outside of PowerShell
[1.026s] DEBUG:colcon.colcon_core.shell:Skip shell extension 'dsv' for command environment
[1.283s] INFO:colcon.colcon_core.task.python.build:Building Python package in '/home/cc/ee106a/fa25/class/ee106a-ahn/ros_workspaces/proj/EECS106A_TetrisBot/lab7/src/planning'
[1.283s] INFO:colcon.colcon_core.shell:Skip shell extension 'powershell' for command environment: Not usable outside of PowerShell
[1.283s] DEBUG:colcon.colcon_core.shell:Skip shell extension 'dsv' for command environment
[1.552s] INFO:colcon.colcon_core.task.python.build:Building Python package in '/home/cc/ee106a/fa25/class/ee106a-ahn/ros_workspaces/proj/EECS106A_TetrisBot/lab7/src/ros2_aruco/ros2_aruco'
[1.552s] INFO:colcon.colcon_core.shell:Skip shell extension 'powershell' for command environment: Not usable outside of PowerShell
[1.552s] DEBUG:colcon.colcon_core.shell:Skip shell extension 'dsv' for command environment
[1.597s] DEBUG:colcon.colcon_core.event_handler.log_command:Invoking command in '/home/cc/ee106a/fa25/class/ee106a-ahn/ros_workspaces/proj/EECS106A_TetrisBot/lab7/build/ros2_aruco_interfaces': CMAKE_PREFIX_PATH=${CMAKE_PREFIX_PATH}:/home/cc/ee106a/fa25/class/ee106a-ahn/ros_workspaces/proj/EECS106A_TetrisBot/lab7/install/ros2_aruco:/home/cc/ee106a/fa25/class/ee106a-ahn/ros_workspaces/proj/EECS106A_TetrisBot/lab7/install/planning:/home/cc/ee106a/fa25/class/ee106a-ahn/ros_workspaces/proj/EECS106A_TetrisBot/lab7/install/perception:/home/ff/ee106a/robot_workspaces/ur/install/ur7e_utils:/opt/ros/humble /usr/bin/cmake --build /home/cc/ee106a/fa25/class/ee106a-ahn/ros_workspaces/proj/EECS106A_TetrisBot/lab7/build/ros2_aruco_interfaces -- -j32 -l32
[3.110s] DEBUG:colcon.colcon_core.event_handler.log_command:Invoking command in '/home/cc/ee106a/fa25/class/ee106a-ahn/ros_workspaces/proj/EECS106A_TetrisBot/lab7/src/planning': PYTHONPATH=/home/cc/ee106a/fa25/class/ee106a-ahn/ros_workspaces/proj/EECS106A_TetrisBot/lab7/build/planning/prefix_override:/usr/lib/python3/dist-packages/colcon_core/task/python/colcon_distutils_commands:/home/cc/ee106a/fa25/class/ee106a-ahn/ros_workspaces/proj/EECS106A_TetrisBot/lab7/install/planning/lib/python3.10/site-packages:${PYTHONPATH} /usr/bin/python3 -W ignore:setup.py install is deprecated -W ignore:easy_install command is deprecated setup.py egg_info --egg-base ../../build/planning build --build-base /home/cc/ee106a/fa25/class/ee106a-ahn/ros_workspaces/proj/EECS106A_TetrisBot/lab7/build/planning/build install --record /home/cc/ee106a/fa25/class/ee106a-ahn/ros_workspaces/proj/EECS106A_TetrisBot/lab7/build/planning/install.log --single-version-externally-managed install_data
[3.116s] DEBUG:colcon.colcon_core.event_handler.log_command:Invoking command in '/home/cc/ee106a/fa25/class/ee106a-ahn/ros_workspaces/proj/EECS106A_TetrisBot/lab7/src/perception': PYTHONPATH=/home/cc/ee106a/fa25/class/ee106a-ahn/ros_workspaces/proj/EECS106A_TetrisBot/lab7/build/perception/prefix_override:/usr/lib/python3/dist-packages/colcon_core/task/python/colcon_distutils_commands:/home/cc/ee106a/fa25/class/ee106a-ahn/ros_workspaces/proj/EECS106A_TetrisBot/lab7/install/perception/lib/python3.10/site-packages:${PYTHONPATH} /usr/bin/python3 -W ignore:setup.py install is deprecated -W ignore:easy_install command is deprecated setup.py egg_info --egg-base ../../build/perception build --build-base /home/cc/ee106a/fa25/class/ee106a-ahn/ros_workspaces/proj/EECS106A_TetrisBot/lab7/build/perception/build install --record /home/cc/ee106a/fa25/class/ee106a-ahn/ros_workspaces/proj/EECS106A_TetrisBot/lab7/build/perception/install.log --single-version-externally-managed install_data
[3.121s] DEBUG:colcon.colcon_core.event_handler.log_command:Invoking command in '/home/cc/ee106a/fa25/class/ee106a-ahn/ros_workspaces/proj/EECS106A_TetrisBot/lab7/src/ros2_aruco/ros2_aruco': PYTHONPATH=/home/cc/ee106a/fa25/class/ee106a-ahn/ros_workspaces/proj/EECS106A_TetrisBot/lab7/build/ros2_aruco/prefix_override:/usr/lib/python3/dist-packages/colcon_core/task/python/colcon_distutils_commands:/home/cc/ee106a/fa25/class/ee106a-ahn/ros_workspaces/proj/EECS106A_TetrisBot/lab7/install/ros2_aruco/lib/python3.10/site-packages:${PYTHONPATH} /usr/bin/python3 -W ignore:setup.py install is deprecated -W ignore:easy_install command is deprecated setup.py egg_info --egg-base ../../../build/ros2_aruco build --build-base /home/cc/ee106a/fa25/class/ee106a-ahn/ros_workspaces/proj/EECS106A_TetrisBot/lab7/build/ros2_aruco/build install --record /home/cc/ee106a/fa25/class/ee106a-ahn/ros_workspaces/proj/EECS106A_TetrisBot/lab7/build/ros2_aruco/install.log --single-version-externally-managed install_data
[3.399s] DEBUG:colcon.colcon_core.event_handler.log_command:Invoked command in '/home/cc/ee106a/fa25/class/ee106a-ahn/ros_workspaces/proj/EECS106A_TetrisBot/lab7/build/ros2_aruco_interfaces' returned '0': CMAKE_PREFIX_PATH=${CMAKE_PREFIX_PATH}:/home/cc/ee106a/fa25/class/ee106a-ahn/ros_workspaces/proj/EECS106A_TetrisBot/lab7/install/ros2_aruco:/home/cc/ee106a/fa25/class/ee106a-ahn/ros_workspaces/proj/EECS106A_TetrisBot/lab7/install/planning:/home/cc/ee106a/fa25/class/ee106a-ahn/ros_workspaces/proj/EECS106A_TetrisBot/lab7/install/perception:/home/ff/ee106a/robot_workspaces/ur/install/ur7e_utils:/opt/ros/humble /usr/bin/cmake --build /home/cc/ee106a/fa25/class/ee106a-ahn/ros_workspaces/proj/EECS106A_TetrisBot/lab7/build/ros2_aruco_interfaces -- -j32 -l32
[3.436s] DEBUG:colcon.colcon_core.event_handler.log_command:Invoking command in '/home/cc/ee106a/fa25/class/ee106a-ahn/ros_workspaces/proj/EECS106A_TetrisBot/lab7/build/ros2_aruco_interfaces': CMAKE_PREFIX_PATH=${CMAKE_PREFIX_PATH}:/home/cc/ee106a/fa25/class/ee106a-ahn/ros_workspaces/proj/EECS106A_TetrisBot/lab7/install/ros2_aruco:/home/cc/ee106a/fa25/class/ee106a-ahn/ros_workspaces/proj/EECS106A_TetrisBot/lab7/install/planning:/home/cc/ee106a/fa25/class/ee106a-ahn/ros_workspaces/proj/EECS106A_TetrisBot/lab7/install/perception:/home/ff/ee106a/robot_workspaces/ur/install/ur7e_utils:/opt/ros/humble /usr/bin/cmake --install /home/cc/ee106a/fa25/class/ee106a-ahn/ros_workspaces/proj/EECS106A_TetrisBot/lab7/build/ros2_aruco_interfaces
[3.520s] DEBUG:colcon.colcon_core.event_handler.log_command:Invoked command in '/home/cc/ee106a/fa25/class/ee106a-ahn/ros_workspaces/proj/EECS106A_TetrisBot/lab7/src/perception' returned '0': PYTHONPATH=/home/cc/ee106a/fa25/class/ee106a-ahn/ros_workspaces/proj/EECS106A_TetrisBot/lab7/build/perception/prefix_override:/usr/lib/python3/dist-packages/colcon_core/task/python/colcon_distutils_commands:/home/cc/ee106a/fa25/class/ee106a-ahn/ros_workspaces/proj/EECS106A_TetrisBot/lab7/install/perception/lib/python3.10/site-packages:${PYTHONPATH} /usr/bin/python3 -W ignore:setup.py install is deprecated -W ignore:easy_install command is deprecated setup.py egg_info --egg-base ../../build/perception build --build-base /home/cc/ee106a/fa25/class/ee106a-ahn/ros_workspaces/proj/EECS106A_TetrisBot/lab7/build/perception/build install --record /home/cc/ee106a/fa25/class/ee106a-ahn/ros_workspaces/proj/EECS106A_TetrisBot/lab7/build/perception/install.log --single-version-externally-managed install_data
[3.528s] Level 1:colcon.colcon_core.environment:checking '/home/cc/ee106a/fa25/class/ee106a-ahn/ros_workspaces/proj/EECS106A_TetrisBot/lab7/install/perception' for CMake module files
[3.534s] Level 1:colcon.colcon_core.environment:checking '/home/cc/ee106a/fa25/class/ee106a-ahn/ros_workspaces/proj/EECS106A_TetrisBot/lab7/install/perception' for CMake config files
[3.542s] Level 1:colcon.colcon_core.environment:checking '/home/cc/ee106a/fa25/class/ee106a-ahn/ros_workspaces/proj/EECS106A_TetrisBot/lab7/install/perception/lib'
[3.543s] Level 1:colcon.colcon_core.environment:checking '/home/cc/ee106a/fa25/class/ee106a-ahn/ros_workspaces/proj/EECS106A_TetrisBot/lab7/install/perception/bin'
[3.543s] Level 1:colcon.colcon_core.environment:checking '/home/cc/ee106a/fa25/class/ee106a-ahn/ros_workspaces/proj/EECS106A_TetrisBot/lab7/install/perception/lib/pkgconfig/perception.pc'
[3.544s] Level 1:colcon.colcon_core.environment:checking '/home/cc/ee106a/fa25/class/ee106a-ahn/ros_workspaces/proj/EECS106A_TetrisBot/lab7/install/perception/lib/python3.10/site-packages'
[3.544s] Level 1:colcon.colcon_core.shell:create_environment_hook('perception', 'pythonpath')
[3.544s] INFO:colcon.colcon_core.shell:Creating environment hook '/home/cc/ee106a/fa25/class/ee106a-ahn/ros_workspaces/proj/EECS106A_TetrisBot/lab7/install/perception/share/perception/hook/pythonpath.ps1'
[3.547s] INFO:colcon.colcon_core.shell:Creating environment descriptor '/home/cc/ee106a/fa25/class/ee106a-ahn/ros_workspaces/proj/EECS106A_TetrisBot/lab7/install/perception/share/perception/hook/pythonpath.dsv'
[3.551s] INFO:colcon.colcon_core.shell:Creating environment hook '/home/cc/ee106a/fa25/class/ee106a-ahn/ros_workspaces/proj/EECS106A_TetrisBot/lab7/install/perception/share/perception/hook/pythonpath.sh'
[3.555s] Level 1:colcon.colcon_core.environment:checking '/home/cc/ee106a/fa25/class/ee106a-ahn/ros_workspaces/proj/EECS106A_TetrisBot/lab7/install/perception/bin'
[3.555s] Level 1:colcon.colcon_core.environment:create_environment_scripts_only(perception)
[3.557s] INFO:colcon.colcon_core.shell:Creating package script '/home/cc/ee106a/fa25/class/ee106a-ahn/ros_workspaces/proj/EECS106A_TetrisBot/lab7/install/perception/share/perception/package.ps1'
[3.561s] INFO:colcon.colcon_core.shell:Creating package descriptor '/home/cc/ee106a/fa25/class/ee106a-ahn/ros_workspaces/proj/EECS106A_TetrisBot/lab7/install/perception/share/perception/package.dsv'
[3.564s] INFO:colcon.colcon_core.shell:Creating package script '/home/cc/ee106a/fa25/class/ee106a-ahn/ros_workspaces/proj/EECS106A_TetrisBot/lab7/install/perception/share/perception/package.sh'
[3.568s] INFO:colcon.colcon_core.shell:Creating package script '/home/cc/ee106a/fa25/class/ee106a-ahn/ros_workspaces/proj/EECS106A_TetrisBot/lab7/install/perception/share/perception/package.bash'
[3.572s] INFO:colcon.colcon_core.shell:Creating package script '/home/cc/ee106a/fa25/class/ee106a-ahn/ros_workspaces/proj/EECS106A_TetrisBot/lab7/install/perception/share/perception/package.zsh'
[3.576s] Level 1:colcon.colcon_core.environment:create_file_with_runtime_dependencies(/home/cc/ee106a/fa25/class/ee106a-ahn/ros_workspaces/proj/EECS106A_TetrisBot/lab7/install/perception/share/colcon-core/packages/perception)
[3.580s] Level 1:colcon.colcon_core.environment:checking '/home/cc/ee106a/fa25/class/ee106a-ahn/ros_workspaces/proj/EECS106A_TetrisBot/lab7/install/ros2_aruco' for CMake module files
[3.585s] DEBUG:colcon.colcon_core.event_handler.log_command:Invoked command in '/home/cc/ee106a/fa25/class/ee106a-ahn/ros_workspaces/proj/EECS106A_TetrisBot/lab7/src/ros2_aruco/ros2_aruco' returned '0': PYTHONPATH=/home/cc/ee106a/fa25/class/ee106a-ahn/ros_workspaces/proj/EECS106A_TetrisBot/lab7/build/ros2_aruco/prefix_override:/usr/lib/python3/dist-packages/colcon_core/task/python/colcon_distutils_commands:/home/cc/ee106a/fa25/class/ee106a-ahn/ros_workspaces/proj/EECS106A_TetrisBot/lab7/install/ros2_aruco/lib/python3.10/site-packages:${PYTHONPATH} /usr/bin/python3 -W ignore:setup.py install is deprecated -W ignore:easy_install command is deprecated setup.py egg_info --egg-base ../../../build/ros2_aruco build --build-base /home/cc/ee106a/fa25/class/ee106a-ahn/ros_workspaces/proj/EECS106A_TetrisBot/lab7/build/ros2_aruco/build install --record /home/cc/ee106a/fa25/class/ee106a-ahn/ros_workspaces/proj/EECS106A_TetrisBot/lab7/build/ros2_aruco/install.log --single-version-externally-managed install_data
[3.589s] Level 1:colcon.colcon_core.environment:checking '/home/cc/ee106a/fa25/class/ee106a-ahn/ros_workspaces/proj/EECS106A_TetrisBot/lab7/install/ros2_aruco' for CMake config files
[3.598s] Level 1:colcon.colcon_core.environment:checking '/home/cc/ee106a/fa25/class/ee106a-ahn/ros_workspaces/proj/EECS106A_TetrisBot/lab7/install/ros2_aruco/lib'
[3.599s] Level 1:colcon.colcon_core.environment:checking '/home/cc/ee106a/fa25/class/ee106a-ahn/ros_workspaces/proj/EECS106A_TetrisBot/lab7/install/ros2_aruco/bin'
[3.599s] Level 1:colcon.colcon_core.environment:checking '/home/cc/ee106a/fa25/class/ee106a-ahn/ros_workspaces/proj/EECS106A_TetrisBot/lab7/install/ros2_aruco/lib/pkgconfig/ros2_aruco.pc'
[3.600s] Level 1:colcon.colcon_core.environment:checking '/home/cc/ee106a/fa25/class/ee106a-ahn/ros_workspaces/proj/EECS106A_TetrisBot/lab7/install/ros2_aruco/lib/python3.10/site-packages'
[3.600s] Level 1:colcon.colcon_core.shell:create_environment_hook('ros2_aruco', 'pythonpath')
[3.601s] INFO:colcon.colcon_core.shell:Creating environment hook '/home/cc/ee106a/fa25/class/ee106a-ahn/ros_workspaces/proj/EECS106A_TetrisBot/lab7/install/ros2_aruco/share/ros2_aruco/hook/pythonpath.ps1'
[3.604s] INFO:colcon.colcon_core.shell:Creating environment descriptor '/home/cc/ee106a/fa25/class/ee106a-ahn/ros_workspaces/proj/EECS106A_TetrisBot/lab7/install/ros2_aruco/share/ros2_aruco/hook/pythonpath.dsv'
[3.608s] INFO:colcon.colcon_core.shell:Creating environment hook '/home/cc/ee106a/fa25/class/ee106a-ahn/ros_workspaces/proj/EECS106A_TetrisBot/lab7/install/ros2_aruco/share/ros2_aruco/hook/pythonpath.sh'
[3.612s] Level 1:colcon.colcon_core.environment:checking '/home/cc/ee106a/fa25/class/ee106a-ahn/ros_workspaces/proj/EECS106A_TetrisBot/lab7/install/ros2_aruco/bin'
[3.612s] Level 1:colcon.colcon_core.environment:create_environment_scripts_only(ros2_aruco)
[3.612s] INFO:colcon.colcon_core.shell:Creating package script '/home/cc/ee106a/fa25/class/ee106a-ahn/ros_workspaces/proj/EECS106A_TetrisBot/lab7/install/ros2_aruco/share/ros2_aruco/package.ps1'
[3.615s] INFO:colcon.colcon_core.shell:Creating package descriptor '/home/cc/ee106a/fa25/class/ee106a-ahn/ros_workspaces/proj/EECS106A_TetrisBot/lab7/install/ros2_aruco/share/ros2_aruco/package.dsv'
[3.618s] INFO:colcon.colcon_core.shell:Creating package script '/home/cc/ee106a/fa25/class/ee106a-ahn/ros_workspaces/proj/EECS106A_TetrisBot/lab7/install/ros2_aruco/share/ros2_aruco/package.sh'
[3.621s] INFO:colcon.colcon_core.shell:Creating package script '/home/cc/ee106a/fa25/class/ee106a-ahn/ros_workspaces/proj/EECS106A_TetrisBot/lab7/install/ros2_aruco/share/ros2_aruco/package.bash'
[3.623s] INFO:colcon.colcon_core.shell:Creating package script '/home/cc/ee106a/fa25/class/ee106a-ahn/ros_workspaces/proj/EECS106A_TetrisBot/lab7/install/ros2_aruco/share/ros2_aruco/package.zsh'
[3.626s] Level 1:colcon.colcon_core.environment:create_file_with_runtime_dependencies(/home/cc/ee106a/fa25/class/ee106a-ahn/ros_workspaces/proj/EECS106A_TetrisBot/lab7/install/ros2_aruco/share/colcon-core/packages/ros2_aruco)
[3.627s] Level 1:colcon.colcon_core.environment:checking '/home/cc/ee106a/fa25/class/ee106a-ahn/ros_workspaces/proj/EECS106A_TetrisBot/lab7/install/planning' for CMake module files
[3.633s] DEBUG:colcon.colcon_core.event_handler.log_command:Invoked command in '/home/cc/ee106a/fa25/class/ee106a-ahn/ros_workspaces/proj/EECS106A_TetrisBot/lab7/src/planning' returned '0': PYTHONPATH=/home/cc/ee106a/fa25/class/ee106a-ahn/ros_workspaces/proj/EECS106A_TetrisBot/lab7/build/planning/prefix_override:/usr/lib/python3/dist-packages/colcon_core/task/python/colcon_distutils_commands:/home/cc/ee106a/fa25/class/ee106a-ahn/ros_workspaces/proj/EECS106A_TetrisBot/lab7/install/planning/lib/python3.10/site-packages:${PYTHONPATH} /usr/bin/python3 -W ignore:setup.py install is deprecated -W ignore:easy_install command is deprecated setup.py egg_info --egg-base ../../build/planning build --build-base /home/cc/ee106a/fa25/class/ee106a-ahn/ros_workspaces/proj/EECS106A_TetrisBot/lab7/build/planning/build install --record /home/cc/ee106a/fa25/class/ee106a-ahn/ros_workspaces/proj/EECS106A_TetrisBot/lab7/build/planning/install.log --single-version-externally-managed install_data
[3.634s] Level 1:colcon.colcon_core.environment:checking '/home/cc/ee106a/fa25/class/ee106a-ahn/ros_workspaces/proj/EECS106A_TetrisBot/lab7/install/planning' for CMake config files
[3.642s] Level 1:colcon.colcon_core.environment:checking '/home/cc/ee106a/fa25/class/ee106a-ahn/ros_workspaces/proj/EECS106A_TetrisBot/lab7/install/planning/lib'
[3.642s] Level 1:colcon.colcon_core.environment:checking '/home/cc/ee106a/fa25/class/ee106a-ahn/ros_workspaces/proj/EECS106A_TetrisBot/lab7/install/planning/bin'
[3.643s] Level 1:colcon.colcon_core.environment:checking '/home/cc/ee106a/fa25/class/ee106a-ahn/ros_workspaces/proj/EECS106A_TetrisBot/lab7/install/planning/lib/pkgconfig/planning.pc'
[3.644s] Level 1:colcon.colcon_core.environment:checking '/home/cc/ee106a/fa25/class/ee106a-ahn/ros_workspaces/proj/EECS106A_TetrisBot/lab7/install/planning/lib/python3.10/site-packages'
[3.644s] Level 1:colcon.colcon_core.shell:create_environment_hook('planning', 'pythonpath')
[3.645s] INFO:colcon.colcon_core.shell:Creating environment hook '/home/cc/ee106a/fa25/class/ee106a-ahn/ros_workspaces/proj/EECS106A_TetrisBot/lab7/install/planning/share/planning/hook/pythonpath.ps1'
[3.648s] INFO:colcon.colcon_core.shell:Creating environment descriptor '/home/cc/ee106a/fa25/class/ee106a-ahn/ros_workspaces/proj/EECS106A_TetrisBot/lab7/install/planning/share/planning/hook/pythonpath.dsv'
[3.651s] INFO:colcon.colcon_core.shell:Creating environment hook '/home/cc/ee106a/fa25/class/ee106a-ahn/ros_workspaces/proj/EECS106A_TetrisBot/lab7/install/planning/share/planning/hook/pythonpath.sh'
[3.654s] Level 1:colcon.colcon_core.environment:checking '/home/cc/ee106a/fa25/class/ee106a-ahn/ros_workspaces/proj/EECS106A_TetrisBot/lab7/install/planning/bin'
[3.654s] Level 1:colcon.colcon_core.environment:create_environment_scripts_only(planning)
[3.655s] INFO:colcon.colcon_core.shell:Creating package script '/home/cc/ee106a/fa25/class/ee106a-ahn/ros_workspaces/proj/EECS106A_TetrisBot/lab7/install/planning/share/planning/package.ps1'
[3.658s] INFO:colcon.colcon_core.shell:Creating package descriptor '/home/cc/ee106a/fa25/class/ee106a-ahn/ros_workspaces/proj/EECS106A_TetrisBot/lab7/install/planning/share/planning/package.dsv'
[3.661s] INFO:colcon.colcon_core.shell:Creating package script '/home/cc/ee106a/fa25/class/ee106a-ahn/ros_workspaces/proj/EECS106A_TetrisBot/lab7/install/planning/share/planning/package.sh'
[3.663s] INFO:colcon.colcon_core.shell:Creating package script '/home/cc/ee106a/fa25/class/ee106a-ahn/ros_workspaces/proj/EECS106A_TetrisBot/lab7/install/planning/share/planning/package.bash'
[3.665s] INFO:colcon.colcon_core.shell:Creating package script '/home/cc/ee106a/fa25/class/ee106a-ahn/ros_workspaces/proj/EECS106A_TetrisBot/lab7/install/planning/share/planning/package.zsh'
[3.668s] Level 1:colcon.colcon_core.environment:create_file_with_runtime_dependencies(/home/cc/ee106a/fa25/class/ee106a-ahn/ros_workspaces/proj/EECS106A_TetrisBot/lab7/install/planning/share/colcon-core/packages/planning)
[3.814s] Level 1:colcon.colcon_core.environment:create_environment_scripts_only(ros2_aruco_interfaces)
[3.815s] Level 1:colcon.colcon_core.environment:checking '/home/cc/ee106a/fa25/class/ee106a-ahn/ros_workspaces/proj/EECS106A_TetrisBot/lab7/install/ros2_aruco_interfaces' for CMake module files
[3.815s] DEBUG:colcon.colcon_core.event_handler.log_command:Invoked command in '/home/cc/ee106a/fa25/class/ee106a-ahn/ros_workspaces/proj/EECS106A_TetrisBot/lab7/build/ros2_aruco_interfaces' returned '0': CMAKE_PREFIX_PATH=${CMAKE_PREFIX_PATH}:/home/cc/ee106a/fa25/class/ee106a-ahn/ros_workspaces/proj/EECS106A_TetrisBot/lab7/install/ros2_aruco:/home/cc/ee106a/fa25/class/ee106a-ahn/ros_workspaces/proj/EECS106A_TetrisBot/lab7/install/planning:/home/cc/ee106a/fa25/class/ee106a-ahn/ros_workspaces/proj/EECS106A_TetrisBot/lab7/install/perception:/home/ff/ee106a/robot_workspaces/ur/install/ur7e_utils:/opt/ros/humble /usr/bin/cmake --install /home/cc/ee106a/fa25/class/ee106a-ahn/ros_workspaces/proj/EECS106A_TetrisBot/lab7/build/ros2_aruco_interfaces
[3.819s] Level 1:colcon.colcon_core.environment:checking '/home/cc/ee106a/fa25/class/ee106a-ahn/ros_workspaces/proj/EECS106A_TetrisBot/lab7/install/ros2_aruco_interfaces' for CMake config files
[3.823s] Level 1:colcon.colcon_core.shell:create_environment_hook('ros2_aruco_interfaces', 'cmake_prefix_path')
[3.824s] INFO:colcon.colcon_core.shell:Creating environment hook '/home/cc/ee106a/fa25/class/ee106a-ahn/ros_workspaces/proj/EECS106A_TetrisBot/lab7/install/ros2_aruco_interfaces/share/ros2_aruco_interfaces/hook/cmake_prefix_path.ps1'
[3.827s] INFO:colcon.colcon_core.shell:Creating environment descriptor '/home/cc/ee106a/fa25/class/ee106a-ahn/ros_workspaces/proj/EECS106A_TetrisBot/lab7/install/ros2_aruco_interfaces/share/ros2_aruco_interfaces/hook/cmake_prefix_path.dsv'
[3.830s] INFO:colcon.colcon_core.shell:Creating environment hook '/home/cc/ee106a/fa25/class/ee106a-ahn/ros_workspaces/proj/EECS106A_TetrisBot/lab7/install/ros2_aruco_interfaces/share/ros2_aruco_interfaces/hook/cmake_prefix_path.sh'
[3.834s] Level 1:colcon.colcon_core.environment:checking '/home/cc/ee106a/fa25/class/ee106a-ahn/ros_workspaces/proj/EECS106A_TetrisBot/lab7/install/ros2_aruco_interfaces/lib'
[3.834s] Level 1:colcon.colcon_core.shell:create_environment_hook('ros2_aruco_interfaces', 'ld_library_path_lib')
[3.835s] INFO:colcon.colcon_core.shell:Creating environment hook '/home/cc/ee106a/fa25/class/ee106a-ahn/ros_workspaces/proj/EECS106A_TetrisBot/lab7/install/ros2_aruco_interfaces/share/ros2_aruco_interfaces/hook/ld_library_path_lib.ps1'
[3.838s] INFO:colcon.colcon_core.shell:Creating environment descriptor '/home/cc/ee106a/fa25/class/ee106a-ahn/ros_workspaces/proj/EECS106A_TetrisBot/lab7/install/ros2_aruco_interfaces/share/ros2_aruco_interfaces/hook/ld_library_path_lib.dsv'
[3.841s] INFO:colcon.colcon_core.shell:Creating environment hook '/home/cc/ee106a/fa25/class/ee106a-ahn/ros_workspaces/proj/EECS106A_TetrisBot/lab7/install/ros2_aruco_interfaces/share/ros2_aruco_interfaces/hook/ld_library_path_lib.sh'
[3.844s] Level 1:colcon.colcon_core.environment:checking '/home/cc/ee106a/fa25/class/ee106a-ahn/ros_workspaces/proj/EECS106A_TetrisBot/lab7/install/ros2_aruco_interfaces/bin'
[3.844s] Level 1:colcon.colcon_core.environment:checking '/home/cc/ee106a/fa25/class/ee106a-ahn/ros_workspaces/proj/EECS106A_TetrisBot/lab7/install/ros2_aruco_interfaces/lib/pkgconfig/ros2_aruco_interfaces.pc'
[3.845s] Level 1:colcon.colcon_core.environment:checking '/home/cc/ee106a/fa25/class/ee106a-ahn/ros_workspaces/proj/EECS106A_TetrisBot/lab7/install/ros2_aruco_interfaces/lib/python3.10/site-packages'
[3.846s] Level 1:colcon.colcon_core.environment:checking '/home/cc/ee106a/fa25/class/ee106a-ahn/ros_workspaces/proj/EECS106A_TetrisBot/lab7/install/ros2_aruco_interfaces/bin'
[3.847s] INFO:colcon.colcon_core.shell:Creating package script '/home/cc/ee106a/fa25/class/ee106a-ahn/ros_workspaces/proj/EECS106A_TetrisBot/lab7/install/ros2_aruco_interfaces/share/ros2_aruco_interfaces/package.ps1'
[3.850s] INFO:colcon.colcon_core.shell:Creating package descriptor '/home/cc/ee106a/fa25/class/ee106a-ahn/ros_workspaces/proj/EECS106A_TetrisBot/lab7/install/ros2_aruco_interfaces/share/ros2_aruco_interfaces/package.dsv'
[3.853s] INFO:colcon.colcon_core.shell:Creating package script '/home/cc/ee106a/fa25/class/ee106a-ahn/ros_workspaces/proj/EECS106A_TetrisBot/lab7/install/ros2_aruco_interfaces/share/ros2_aruco_interfaces/package.sh'
[3.856s] INFO:colcon.colcon_core.shell:Creating package script '/home/cc/ee106a/fa25/class/ee106a-ahn/ros_workspaces/proj/EECS106A_TetrisBot/lab7/install/ros2_aruco_interfaces/share/ros2_aruco_interfaces/package.bash'
[3.858s] INFO:colcon.colcon_core.shell:Creating package script '/home/cc/ee106a/fa25/class/ee106a-ahn/ros_workspaces/proj/EECS106A_TetrisBot/lab7/install/ros2_aruco_interfaces/share/ros2_aruco_interfaces/package.zsh'
[3.861s] Level 1:colcon.colcon_core.environment:create_file_with_runtime_dependencies(/home/cc/ee106a/fa25/class/ee106a-ahn/ros_workspaces/proj/EECS106A_TetrisBot/lab7/install/ros2_aruco_interfaces/share/colcon-core/packages/ros2_aruco_interfaces)
[3.865s] Level 1:colcon.colcon_core.environment:create_environment_scripts_only(ros2_aruco_interfaces)
[3.866s] Level 1:colcon.colcon_core.environment:checking '/home/cc/ee106a/fa25/class/ee106a-ahn/ros_workspaces/proj/EECS106A_TetrisBot/lab7/install/ros2_aruco_interfaces' for CMake module files
[3.868s] Level 1:colcon.colcon_core.environment:checking '/home/cc/ee106a/fa25/class/ee106a-ahn/ros_workspaces/proj/EECS106A_TetrisBot/lab7/install/ros2_aruco_interfaces' for CMake config files
[3.871s] Level 1:colcon.colcon_core.shell:create_environment_hook('ros2_aruco_interfaces', 'cmake_prefix_path')
[3.872s] INFO:colcon.colcon_core.shell:Creating environment hook '/home/cc/ee106a/fa25/class/ee106a-ahn/ros_workspaces/proj/EECS106A_TetrisBot/lab7/install/ros2_aruco_interfaces/share/ros2_aruco_interfaces/hook/cmake_prefix_path.ps1'
[3.875s] INFO:colcon.colcon_core.shell:Creating environment descriptor '/home/cc/ee106a/fa25/class/ee106a-ahn/ros_workspaces/proj/EECS106A_TetrisBot/lab7/install/ros2_aruco_interfaces/share/ros2_aruco_interfaces/hook/cmake_prefix_path.dsv'
[3.877s] INFO:colcon.colcon_core.shell:Creating environment hook '/home/cc/ee106a/fa25/class/ee106a-ahn/ros_workspaces/proj/EECS106A_TetrisBot/lab7/install/ros2_aruco_interfaces/share/ros2_aruco_interfaces/hook/cmake_prefix_path.sh'
[3.880s] Level 1:colcon.colcon_core.environment:checking '/home/cc/ee106a/fa25/class/ee106a-ahn/ros_workspaces/proj/EECS106A_TetrisBot/lab7/install/ros2_aruco_interfaces/lib'
[3.881s] Level 1:colcon.colcon_core.shell:create_environment_hook('ros2_aruco_interfaces', 'ld_library_path_lib')
[3.881s] INFO:colcon.colcon_core.shell:Creating environment hook '/home/cc/ee106a/fa25/class/ee106a-ahn/ros_workspaces/proj/EECS106A_TetrisBot/lab7/install/ros2_aruco_interfaces/share/ros2_aruco_interfaces/hook/ld_library_path_lib.ps1'
[3.884s] INFO:colcon.colcon_core.shell:Creating environment descriptor '/home/cc/ee106a/fa25/class/ee106a-ahn/ros_workspaces/proj/EECS106A_TetrisBot/lab7/install/ros2_aruco_interfaces/share/ros2_aruco_interfaces/hook/ld_library_path_lib.dsv'
[3.887s] INFO:colcon.colcon_core.shell:Creating environment hook '/home/cc/ee106a/fa25/class/ee106a-ahn/ros_workspaces/proj/EECS106A_TetrisBot/lab7/install/ros2_aruco_interfaces/share/ros2_aruco_interfaces/hook/ld_library_path_lib.sh'
[3.890s] Level 1:colcon.colcon_core.environment:checking '/home/cc/ee106a/fa25/class/ee106a-ahn/ros_workspaces/proj/EECS106A_TetrisBot/lab7/install/ros2_aruco_interfaces/bin'
[3.891s] Level 1:colcon.colcon_core.environment:checking '/home/cc/ee106a/fa25/class/ee106a-ahn/ros_workspaces/proj/EECS106A_TetrisBot/lab7/install/ros2_aruco_interfaces/lib/pkgconfig/ros2_aruco_interfaces.pc'
[3.891s] Level 1:colcon.colcon_core.environment:checking '/home/cc/ee106a/fa25/class/ee106a-ahn/ros_workspaces/proj/EECS106A_TetrisBot/lab7/install/ros2_aruco_interfaces/lib/python3.10/site-packages'
[3.892s] Level 1:colcon.colcon_core.environment:checking '/home/cc/ee106a/fa25/class/ee106a-ahn/ros_workspaces/proj/EECS106A_TetrisBot/lab7/install/ros2_aruco_interfaces/bin'
[3.893s] INFO:colcon.colcon_core.shell:Creating package script '/home/cc/ee106a/fa25/class/ee106a-ahn/ros_workspaces/proj/EECS106A_TetrisBot/lab7/install/ros2_aruco_interfaces/share/ros2_aruco_interfaces/package.ps1'
[3.896s] INFO:colcon.colcon_core.shell:Creating package descriptor '/home/cc/ee106a/fa25/class/ee106a-ahn/ros_workspaces/proj/EECS106A_TetrisBot/lab7/install/ros2_aruco_interfaces/share/ros2_aruco_interfaces/package.dsv'
[3.899s] INFO:colcon.colcon_core.shell:Creating package script '/home/cc/ee106a/fa25/class/ee106a-ahn/ros_workspaces/proj/EECS106A_TetrisBot/lab7/install/ros2_aruco_interfaces/share/ros2_aruco_interfaces/package.sh'
[3.902s] INFO:colcon.colcon_core.shell:Creating package script '/home/cc/ee106a/fa25/class/ee106a-ahn/ros_workspaces/proj/EECS106A_TetrisBot/lab7/install/ros2_aruco_interfaces/share/ros2_aruco_interfaces/package.bash'
[3.906s] INFO:colcon.colcon_core.shell:Creating package script '/home/cc/ee106a/fa25/class/ee106a-ahn/ros_workspaces/proj/EECS106A_TetrisBot/lab7/install/ros2_aruco_interfaces/share/ros2_aruco_interfaces/package.zsh'
[3.908s] Level 1:colcon.colcon_core.environment:create_file_with_runtime_dependencies(/home/cc/ee106a/fa25/class/ee106a-ahn/ros_workspaces/proj/EECS106A_TetrisBot/lab7/install/ros2_aruco_interfaces/share/colcon-core/packages/ros2_aruco_interfaces)
[3.911s] DEBUG:colcon.colcon_parallel_executor.executor.parallel:closing loop
[3.911s] DEBUG:colcon.colcon_parallel_executor.executor.parallel:loop closed
[3.911s] DEBUG:colcon.colcon_parallel_executor.executor.parallel:run_until_complete finished with '0'
[3.911s] DEBUG:colcon.colcon_core.event_reactor:joining thread
[3.946s] INFO:colcon.colcon_core.plugin_system:Skipping extension 'colcon_notification.desktop_notification.notify_send': Could not find 'notify-send'
[3.946s] INFO:colcon.colcon_core.plugin_system:Skipping extension 'colcon_notification.desktop_notification.terminal_notifier': Not used on non-Darwin systems
[3.947s] INFO:colcon.colcon_core.plugin_system:Skipping extension 'colcon_notification.desktop_notification.win32': Not used on non-Windows systems
[3.947s] INFO:colcon.colcon_notification.desktop_notification:Sending desktop notification using 'notify2'
[4.073s] DEBUG:colcon.colcon_core.event_reactor:joined thread
[4.074s] INFO:colcon.colcon_core.shell:Creating prefix script '/home/cc/ee106a/fa25/class/ee106a-ahn/ros_workspaces/proj/EECS106A_TetrisBot/lab7/install/local_setup.ps1'
[4.077s] INFO:colcon.colcon_core.shell:Creating prefix util module '/home/cc/ee106a/fa25/class/ee106a-ahn/ros_workspaces/proj/EECS106A_TetrisBot/lab7/install/_local_setup_util_ps1.py'
[4.082s] INFO:colcon.colcon_core.shell:Creating prefix chain script '/home/cc/ee106a/fa25/class/ee106a-ahn/ros_workspaces/proj/EECS106A_TetrisBot/lab7/install/setup.ps1'
[4.091s] INFO:colcon.colcon_core.shell:Creating prefix script '/home/cc/ee106a/fa25/class/ee106a-ahn/ros_workspaces/proj/EECS106A_TetrisBot/lab7/install/local_setup.sh'
[4.096s] INFO:colcon.colcon_core.shell:Creating prefix util module '/home/cc/ee106a/fa25/class/ee106a-ahn/ros_workspaces/proj/EECS106A_TetrisBot/lab7/install/_local_setup_util_sh.py'
[4.101s] INFO:colcon.colcon_core.shell:Creating prefix chain script '/home/cc/ee106a/fa25/class/ee106a-ahn/ros_workspaces/proj/EECS106A_TetrisBot/lab7/install/setup.sh'
[4.112s] INFO:colcon.colcon_core.shell:Creating prefix script '/home/cc/ee106a/fa25/class/ee106a-ahn/ros_workspaces/proj/EECS106A_TetrisBot/lab7/install/local_setup.bash'
[4.116s] INFO:colcon.colcon_core.shell:Creating prefix chain script '/home/cc/ee106a/fa25/class/ee106a-ahn/ros_workspaces/proj/EECS106A_TetrisBot/lab7/install/setup.bash'
[4.127s] INFO:colcon.colcon_core.shell:Creating prefix script '/home/cc/ee106a/fa25/class/ee106a-ahn/ros_workspaces/proj/EECS106A_TetrisBot/lab7/install/local_setup.zsh'
[4.130s] INFO:colcon.colcon_core.shell:Creating prefix chain script '/home/cc/ee106a/fa25/class/ee106a-ahn/ros_workspaces/proj/EECS106A_TetrisBot/lab7/install/setup.zsh'
