[1.338s] Invoking command in '/home/cc/ee106a/fa25/class/ee106a-acy/ros_workspaces/lab7/src/planning': PYTHONPATH=/home/cc/ee106a/fa25/class/ee106a-acy/ros_workspaces/lab7/build/planning/prefix_override:/usr/lib/python3/dist-packages/colcon_core/task/python/colcon_distutils_commands:/home/cc/ee106a/fa25/class/ee106a-acy/ros_workspaces/lab7/install/planning/lib/python3.10/site-packages:${PYTHONPATH} /usr/bin/python3 -W ignore:setup.py install is deprecated -W ignore:easy_install command is deprecated setup.py egg_info --egg-base ../../build/planning build --build-base /home/cc/ee106a/fa25/class/ee106a-acy/ros_workspaces/lab7/build/planning/build install --record /home/cc/ee106a/fa25/class/ee106a-acy/ros_workspaces/lab7/build/planning/install.log --single-version-externally-managed install_data
[1.576s] running egg_info
[1.577s] writing ../../build/planning/planning.egg-info/PKG-INFO
[1.580s] writing dependency_links to ../../build/planning/planning.egg-info/dependency_links.txt
[1.583s] writing entry points to ../../build/planning/planning.egg-info/entry_points.txt
[1.586s] writing requirements to ../../build/planning/planning.egg-info/requires.txt
[1.589s] writing top-level names to ../../build/planning/planning.egg-info/top_level.txt
[1.599s] reading manifest file '../../build/planning/planning.egg-info/SOURCES.txt'
[1.602s] writing manifest file '../../build/planning/planning.egg-info/SOURCES.txt'
[1.603s] running build
[1.604s] running build_py
[1.608s] running install
[1.608s] running install_lib
[1.616s] running install_data
[1.619s] running install_egg_info
[1.621s] removing '/home/cc/ee106a/fa25/class/ee106a-acy/ros_workspaces/lab7/install/planning/lib/python3.10/site-packages/planning-0.0.0-py3.10.egg-info' (and everything under it)
[1.628s] Copying ../../build/planning/planning.egg-info to /home/cc/ee106a/fa25/class/ee106a-acy/ros_workspaces/lab7/install/planning/lib/python3.10/site-packages/planning-0.0.0-py3.10.egg-info
[1.667s] running install_scripts
[1.690s] Installing ik script to /home/cc/ee106a/fa25/class/ee106a-acy/ros_workspaces/lab7/install/planning/lib/planning
[1.693s] Installing main script to /home/cc/ee106a/fa25/class/ee106a-acy/ros_workspaces/lab7/install/planning/lib/planning
[1.696s] Installing tf script to /home/cc/ee106a/fa25/class/ee106a-acy/ros_workspaces/lab7/install/planning/lib/planning
[1.704s] Installing transform_cube_pose script to /home/cc/ee106a/fa25/class/ee106a-acy/ros_workspaces/lab7/install/planning/lib/planning
[1.707s] writing list of installed files to '/home/cc/ee106a/fa25/class/ee106a-acy/ros_workspaces/lab7/build/planning/install.log'
[1.797s] Invoked command in '/home/cc/ee106a/fa25/class/ee106a-acy/ros_workspaces/lab7/src/planning' returned '0': PYTHONPATH=/home/cc/ee106a/fa25/class/ee106a-acy/ros_workspaces/lab7/build/planning/prefix_override:/usr/lib/python3/dist-packages/colcon_core/task/python/colcon_distutils_commands:/home/cc/ee106a/fa25/class/ee106a-acy/ros_workspaces/lab7/install/planning/lib/python3.10/site-packages:${PYTHONPATH} /usr/bin/python3 -W ignore:setup.py install is deprecated -W ignore:easy_install command is deprecated setup.py egg_info --egg-base ../../build/planning build --build-base /home/cc/ee106a/fa25/class/ee106a-acy/ros_workspaces/lab7/build/planning/build install --record /home/cc/ee106a/fa25/class/ee106a-acy/ros_workspaces/lab7/build/planning/install.log --single-version-externally-managed install_data
