[3.029s] Invoking command in '/home/cc/ee106a/fa25/class/ee106a-acy/ros_workspaces/lab7/src/planning': PYTHONPATH=/home/cc/ee106a/fa25/class/ee106a-acy/ros_workspaces/lab7/build/planning/prefix_override:/usr/lib/python3/dist-packages/colcon_core/task/python/colcon_distutils_commands:/home/cc/ee106a/fa25/class/ee106a-acy/ros_workspaces/lab7/install/planning/lib/python3.10/site-packages:${PYTHONPATH} /usr/bin/python3 -W ignore:setup.py install is deprecated -W ignore:easy_install command is deprecated setup.py egg_info --egg-base ../../build/planning build --build-base /home/cc/ee106a/fa25/class/ee106a-acy/ros_workspaces/lab7/build/planning/build install --record /home/cc/ee106a/fa25/class/ee106a-acy/ros_workspaces/lab7/build/planning/install.log --single-version-externally-managed install_data
[3.238s] running egg_info
[3.239s] writing ../../build/planning/planning.egg-info/PKG-INFO
[3.243s] writing dependency_links to ../../build/planning/planning.egg-info/dependency_links.txt
[3.246s] writing entry points to ../../build/planning/planning.egg-info/entry_points.txt
[3.248s] writing requirements to ../../build/planning/planning.egg-info/requires.txt
[3.250s] writing top-level names to ../../build/planning/planning.egg-info/top_level.txt
[3.259s] reading manifest file '../../build/planning/planning.egg-info/SOURCES.txt'
[3.262s] writing manifest file '../../build/planning/planning.egg-info/SOURCES.txt'
[3.264s] running build
[3.264s] running build_py
[3.265s] copying planning/transform_cube_pose.py -> /home/cc/ee106a/fa25/class/ee106a-acy/ros_workspaces/lab7/build/planning/build/lib/planning
[3.270s] running install
[3.270s] running install_lib
[3.273s] copying /home/cc/ee106a/fa25/class/ee106a-acy/ros_workspaces/lab7/build/planning/build/lib/planning/transform_cube_pose.py -> /home/cc/ee106a/fa25/class/ee106a-acy/ros_workspaces/lab7/install/planning/lib/python3.10/site-packages/planning
[3.279s] byte-compiling /home/cc/ee106a/fa25/class/ee106a-acy/ros_workspaces/lab7/install/planning/lib/python3.10/site-packages/planning/transform_cube_pose.py to transform_cube_pose.cpython-310.pyc
[3.286s] running install_data
[3.288s] running install_egg_info
[3.290s] removing '/home/cc/ee106a/fa25/class/ee106a-acy/ros_workspaces/lab7/install/planning/lib/python3.10/site-packages/planning-0.0.0-py3.10.egg-info' (and everything under it)
[3.295s] Copying ../../build/planning/planning.egg-info to /home/cc/ee106a/fa25/class/ee106a-acy/ros_workspaces/lab7/install/planning/lib/python3.10/site-packages/planning-0.0.0-py3.10.egg-info
[3.335s] running install_scripts
[3.355s] Installing ik script to /home/cc/ee106a/fa25/class/ee106a-acy/ros_workspaces/lab7/install/planning/lib/planning
[3.358s] Installing main script to /home/cc/ee106a/fa25/class/ee106a-acy/ros_workspaces/lab7/install/planning/lib/planning
[3.361s] Installing tf script to /home/cc/ee106a/fa25/class/ee106a-acy/ros_workspaces/lab7/install/planning/lib/planning
[3.364s] Installing transform_cube_pose script to /home/cc/ee106a/fa25/class/ee106a-acy/ros_workspaces/lab7/install/planning/lib/planning
[3.367s] writing list of installed files to '/home/cc/ee106a/fa25/class/ee106a-acy/ros_workspaces/lab7/build/planning/install.log'
[3.526s] Invoked command in '/home/cc/ee106a/fa25/class/ee106a-acy/ros_workspaces/lab7/src/planning' returned '0': PYTHONPATH=/home/cc/ee106a/fa25/class/ee106a-acy/ros_workspaces/lab7/build/planning/prefix_override:/usr/lib/python3/dist-packages/colcon_core/task/python/colcon_distutils_commands:/home/cc/ee106a/fa25/class/ee106a-acy/ros_workspaces/lab7/install/planning/lib/python3.10/site-packages:${PYTHONPATH} /usr/bin/python3 -W ignore:setup.py install is deprecated -W ignore:easy_install command is deprecated setup.py egg_info --egg-base ../../build/planning build --build-base /home/cc/ee106a/fa25/class/ee106a-acy/ros_workspaces/lab7/build/planning/build install --record /home/cc/ee106a/fa25/class/ee106a-acy/ros_workspaces/lab7/build/planning/install.log --single-version-externally-managed install_data
