[1.246s] Invoking command in '/home/cc/ee106a/fa25/class/ee106a-acy/ros_workspaces/lab7/src/perception': PYTHONPATH=/home/cc/ee106a/fa25/class/ee106a-acy/ros_workspaces/lab7/build/perception/prefix_override:/usr/lib/python3/dist-packages/colcon_core/task/python/colcon_distutils_commands:/home/cc/ee106a/fa25/class/ee106a-acy/ros_workspaces/lab7/install/perception/lib/python3.10/site-packages:${PYTHONPATH} /usr/bin/python3 -W ignore:setup.py install is deprecated -W ignore:easy_install command is deprecated setup.py egg_info --egg-base ../../build/perception build --build-base /home/cc/ee106a/fa25/class/ee106a-acy/ros_workspaces/lab7/build/perception/build install --record /home/cc/ee106a/fa25/class/ee106a-acy/ros_workspaces/lab7/build/perception/install.log --single-version-externally-managed install_data
[1.423s] running egg_info
[1.424s] creating ../../build/perception/perception.egg-info
[1.424s] writing ../../build/perception/perception.egg-info/PKG-INFO
[1.429s] writing dependency_links to ../../build/perception/perception.egg-info/dependency_links.txt
[1.432s] writing entry points to ../../build/perception/perception.egg-info/entry_points.txt
[1.433s] writing requirements to ../../build/perception/perception.egg-info/requires.txt
[1.435s] writing top-level names to ../../build/perception/perception.egg-info/top_level.txt
[1.438s] writing manifest file '../../build/perception/perception.egg-info/SOURCES.txt'
[1.446s] reading manifest file '../../build/perception/perception.egg-info/SOURCES.txt'
[1.449s] writing manifest file '../../build/perception/perception.egg-info/SOURCES.txt'
[1.452s] running build
[1.452s] running build_py
[1.453s] creating /home/cc/ee106a/fa25/class/ee106a-acy/ros_workspaces/lab7/build/perception/build
[1.453s] creating /home/cc/ee106a/fa25/class/ee106a-acy/ros_workspaces/lab7/build/perception/build/lib
[1.454s] creating /home/cc/ee106a/fa25/class/ee106a-acy/ros_workspaces/lab7/build/perception/build/lib/perception
[1.455s] copying perception/interactive_plane.py -> /home/cc/ee106a/fa25/class/ee106a-acy/ros_workspaces/lab7/build/perception/build/lib/perception
[1.460s] copying perception/__init__.py -> /home/cc/ee106a/fa25/class/ee106a-acy/ros_workspaces/lab7/build/perception/build/lib/perception
[1.465s] copying perception/process_pointcloud.py -> /home/cc/ee106a/fa25/class/ee106a-acy/ros_workspaces/lab7/build/perception/build/lib/perception
[1.469s] running install
[1.469s] running install_lib
[1.472s] creating /home/cc/ee106a/fa25/class/ee106a-acy/ros_workspaces/lab7/install/perception/lib/python3.10/site-packages/perception
[1.473s] copying /home/cc/ee106a/fa25/class/ee106a-acy/ros_workspaces/lab7/build/perception/build/lib/perception/interactive_plane.py -> /home/cc/ee106a/fa25/class/ee106a-acy/ros_workspaces/lab7/install/perception/lib/python3.10/site-packages/perception
[1.480s] copying /home/cc/ee106a/fa25/class/ee106a-acy/ros_workspaces/lab7/build/perception/build/lib/perception/__init__.py -> /home/cc/ee106a/fa25/class/ee106a-acy/ros_workspaces/lab7/install/perception/lib/python3.10/site-packages/perception
[1.485s] copying /home/cc/ee106a/fa25/class/ee106a-acy/ros_workspaces/lab7/build/perception/build/lib/perception/process_pointcloud.py -> /home/cc/ee106a/fa25/class/ee106a-acy/ros_workspaces/lab7/install/perception/lib/python3.10/site-packages/perception
[1.491s] byte-compiling /home/cc/ee106a/fa25/class/ee106a-acy/ros_workspaces/lab7/install/perception/lib/python3.10/site-packages/perception/interactive_plane.py to interactive_plane.cpython-310.pyc
[1.500s] byte-compiling /home/cc/ee106a/fa25/class/ee106a-acy/ros_workspaces/lab7/install/perception/lib/python3.10/site-packages/perception/__init__.py to __init__.cpython-310.pyc
[1.507s] byte-compiling /home/cc/ee106a/fa25/class/ee106a-acy/ros_workspaces/lab7/install/perception/lib/python3.10/site-packages/perception/process_pointcloud.py to process_pointcloud.cpython-310.pyc
[1.515s] running install_data
[1.515s] creating /home/cc/ee106a/fa25/class/ee106a-acy/ros_workspaces/lab7/install/perception/share/ament_index
[1.516s] creating /home/cc/ee106a/fa25/class/ee106a-acy/ros_workspaces/lab7/install/perception/share/ament_index/resource_index
[1.517s] creating /home/cc/ee106a/fa25/class/ee106a-acy/ros_workspaces/lab7/install/perception/share/ament_index/resource_index/packages
[1.519s] copying resource/perception -> /home/cc/ee106a/fa25/class/ee106a-acy/ros_workspaces/lab7/install/perception/share/ament_index/resource_index/packages
[1.524s] copying package.xml -> /home/cc/ee106a/fa25/class/ee106a-acy/ros_workspaces/lab7/install/perception/share/perception
[1.530s] running install_egg_info
[1.534s] Copying ../../build/perception/perception.egg-info to /home/cc/ee106a/fa25/class/ee106a-acy/ros_workspaces/lab7/install/perception/lib/python3.10/site-packages/perception-0.0.0-py3.10.egg-info
[1.581s] running install_scripts
[1.600s] Installing interactive_plane script to /home/cc/ee106a/fa25/class/ee106a-acy/ros_workspaces/lab7/install/perception/lib/perception
[1.604s] Installing process_pointcloud script to /home/cc/ee106a/fa25/class/ee106a-acy/ros_workspaces/lab7/install/perception/lib/perception
[1.608s] writing list of installed files to '/home/cc/ee106a/fa25/class/ee106a-acy/ros_workspaces/lab7/build/perception/install.log'
[1.626s] Invoked command in '/home/cc/ee106a/fa25/class/ee106a-acy/ros_workspaces/lab7/src/perception' returned '0': PYTHONPATH=/home/cc/ee106a/fa25/class/ee106a-acy/ros_workspaces/lab7/build/perception/prefix_override:/usr/lib/python3/dist-packages/colcon_core/task/python/colcon_distutils_commands:/home/cc/ee106a/fa25/class/ee106a-acy/ros_workspaces/lab7/install/perception/lib/python3.10/site-packages:${PYTHONPATH} /usr/bin/python3 -W ignore:setup.py install is deprecated -W ignore:easy_install command is deprecated setup.py egg_info --egg-base ../../build/perception build --build-base /home/cc/ee106a/fa25/class/ee106a-acy/ros_workspaces/lab7/build/perception/build install --record /home/cc/ee106a/fa25/class/ee106a-acy/ros_workspaces/lab7/build/perception/install.log --single-version-externally-managed install_data
