[0.000000] (-) TimerEvent: {}
[0.000308] (perception) JobQueued: {'identifier': 'perception', 'dependencies': OrderedDict()}
[0.000524] (planning) JobQueued: {'identifier': 'planning', 'dependencies': OrderedDict()}
[0.000560] (ros2_aruco) JobQueued: {'identifier': 'ros2_aruco', 'dependencies': OrderedDict()}
[0.000588] (ros2_aruco_interfaces) JobQueued: {'identifier': 'ros2_aruco_interfaces', 'dependencies': OrderedDict()}
[0.000623] (perception) JobStarted: {'identifier': 'perception'}
[0.045221] (planning) JobStarted: {'identifier': 'planning'}
[0.072811] (ros2_aruco) JobStarted: {'identifier': 'ros2_aruco'}
[0.099594] (-) TimerEvent: {}
[0.101738] (ros2_aruco_interfaces) JobStarted: {'identifier': 'ros2_aruco_interfaces'}
[0.199847] (-) TimerEvent: {}
[0.300373] (-) TimerEvent: {}
[0.377148] (perception) StderrLine: {'line': b'Traceback (most recent call last):\n  File "/usr/lib/python3/dist-packages/colcon_core/executor/__init__.py", line 91, in __call__\n    rc = await self.task(*args, **kwargs)\n  File "/usr/lib/python3/dist-packages/colcon_core/task/__init__.py", line 93, in __call__\n    return await task_method(*args, **kwargs)\n  File "/usr/lib/python3/dist-packages/colcon_ros/task/ament_python/build.py", line 51, in build\n    setup_py_data = get_setup_data(self.context.pkg, env)\n  File "/usr/lib/python3/dist-packages/colcon_core/task/python/__init__.py", line 20, in get_setup_data\n    return dict(pkg.metadata[key](env))\n  File "/usr/lib/python3/dist-packages/colcon_ros/package_augmentation/ros_ament_python.py", line 57, in getter\n    return get_setup_information(\n  File "/usr/lib/python3/dist-packages/colcon_python_setup_py/package_identification/python_setup_py.py", line 249, in get_setup_information\n    _setup_information_cache[hashable_env] = _get_setup_information(\n  File "/usr/lib/python3/dist-packages/colcon_python_setup_py/package_identification/python_setup_py.py", line 296, in _get_setup_information\n    result = subprocess.run(\n  File "/usr/lib/python3.10/subprocess.py", line 526, in run\n    raise CalledProcessError(retcode, process.args,\nsubprocess.CalledProcessError: Command \'[\'/usr/bin/python3\', \'-c\', \'import sys;from contextlib import suppress;exec("with suppress(ImportError):    from setuptools.extern.packaging.specifiers    import SpecifierSet");exec("with suppress(ImportError):    from packaging.specifiers import SpecifierSet");from distutils.core import run_setup;dist = run_setup(    \\\'setup.py\\\', script_args=(\\\'--dry-run\\\',), stop_after=\\\'config\\\');skip_keys = (\\\'cmdclass\\\', \\\'distclass\\\', \\\'ext_modules\\\', \\\'metadata\\\');data = {    key: value for key, value in dist.__dict__.items()     if (        not key.startswith(\\\'_\\\') and         not callable(value) and         key not in skip_keys and         key not in dist.display_option_names    )};data[\\\'metadata\\\'] = {    k: v for k, v in dist.metadata.__dict__.items()     if k not in (\\\'license_files\\\', \\\'provides_extras\\\')};sys.stdout.buffer.write(repr(data).encode(\\\'utf-8\\\'))\']\' returned non-zero exit status 1.\n'}
[0.383225] (perception) JobEnded: {'identifier': 'perception', 'rc': 1}
[0.400435] (-) TimerEvent: {}
[0.500727] (-) TimerEvent: {}
[0.601207] (-) TimerEvent: {}
[0.701452] (-) TimerEvent: {}
[0.801634] (-) TimerEvent: {}
[0.830497] (planning) JobEnded: {'identifier': 'planning', 'rc': 'SIGINT'}
[0.832506] (ros2_aruco_interfaces) JobEnded: {'identifier': 'ros2_aruco_interfaces', 'rc': 'SIGINT'}
[0.834190] (ros2_aruco) JobEnded: {'identifier': 'ros2_aruco', 'rc': 'SIGINT'}
[0.842138] (-) EventReactorShutdown: {}
