[1.343s] Invoking command in '/home/cc/ee106a/fa25/class/ee106a-acy/ros_workspaces/lab7/src/perception': PYTHONPATH=/home/cc/ee106a/fa25/class/ee106a-acy/ros_workspaces/lab7/build/perception/prefix_override:/usr/lib/python3/dist-packages/colcon_core/task/python/colcon_distutils_commands:/home/cc/ee106a/fa25/class/ee106a-acy/ros_workspaces/lab7/install/perception/lib/python3.10/site-packages:${PYTHONPATH} /usr/bin/python3 -W ignore:setup.py install is deprecated -W ignore:easy_install command is deprecated setup.py egg_info --egg-base ../../build/perception build --build-base /home/cc/ee106a/fa25/class/ee106a-acy/ros_workspaces/lab7/build/perception/build install --record /home/cc/ee106a/fa25/class/ee106a-acy/ros_workspaces/lab7/build/perception/install.log --single-version-externally-managed install_data
[1.598s] running egg_info
[1.599s] writing ../../build/perception/perception.egg-info/PKG-INFO
[1.602s] writing dependency_links to ../../build/perception/perception.egg-info/dependency_links.txt
[1.606s] writing entry points to ../../build/perception/perception.egg-info/entry_points.txt
[1.609s] writing requirements to ../../build/perception/perception.egg-info/requires.txt
[1.612s] writing top-level names to ../../build/perception/perception.egg-info/top_level.txt
[1.622s] reading manifest file '../../build/perception/perception.egg-info/SOURCES.txt'
[1.625s] writing manifest file '../../build/perception/perception.egg-info/SOURCES.txt'
[1.628s] running build
[1.628s] running build_py
[1.632s] running install
[1.632s] running install_lib
[1.638s] running install_data
[1.641s] running install_egg_info
[1.643s] removing '/home/cc/ee106a/fa25/class/ee106a-acy/ros_workspaces/lab7/install/perception/lib/python3.10/site-packages/perception-0.0.0-py3.10.egg-info' (and everything under it)
[1.649s] Copying ../../build/perception/perception.egg-info to /home/cc/ee106a/fa25/class/ee106a-acy/ros_workspaces/lab7/install/perception/lib/python3.10/site-packages/perception-0.0.0-py3.10.egg-info
[1.690s] running install_scripts
[1.713s] Installing interactive_plane script to /home/cc/ee106a/fa25/class/ee106a-acy/ros_workspaces/lab7/install/perception/lib/perception
[1.716s] Installing process_pointcloud script to /home/cc/ee106a/fa25/class/ee106a-acy/ros_workspaces/lab7/install/perception/lib/perception
[1.719s] writing list of installed files to '/home/cc/ee106a/fa25/class/ee106a-acy/ros_workspaces/lab7/build/perception/install.log'
[1.740s] Invoked command in '/home/cc/ee106a/fa25/class/ee106a-acy/ros_workspaces/lab7/src/perception' returned '0': PYTHONPATH=/home/cc/ee106a/fa25/class/ee106a-acy/ros_workspaces/lab7/build/perception/prefix_override:/usr/lib/python3/dist-packages/colcon_core/task/python/colcon_distutils_commands:/home/cc/ee106a/fa25/class/ee106a-acy/ros_workspaces/lab7/install/perception/lib/python3.10/site-packages:${PYTHONPATH} /usr/bin/python3 -W ignore:setup.py install is deprecated -W ignore:easy_install command is deprecated setup.py egg_info --egg-base ../../build/perception build --build-base /home/cc/ee106a/fa25/class/ee106a-acy/ros_workspaces/lab7/build/perception/build install --record /home/cc/ee106a/fa25/class/ee106a-acy/ros_workspaces/lab7/build/perception/install.log --single-version-externally-managed install_data
