[2.913s] Invoking command in '/home/cc/ee106a/fa25/class/ee106a-acy/ros_workspaces/lab7/src/planning': PYTHONPATH=/home/cc/ee106a/fa25/class/ee106a-acy/ros_workspaces/lab7/build/planning/prefix_override:/usr/lib/python3/dist-packages/colcon_core/task/python/colcon_distutils_commands:/home/cc/ee106a/fa25/class/ee106a-acy/ros_workspaces/lab7/install/planning/lib/python3.10/site-packages:${PYTHONPATH} /usr/bin/python3 -W ignore:setup.py install is deprecated -W ignore:easy_install command is deprecated setup.py egg_info --egg-base ../../build/planning build --build-base /home/cc/ee106a/fa25/class/ee106a-acy/ros_workspaces/lab7/build/planning/build install --record /home/cc/ee106a/fa25/class/ee106a-acy/ros_workspaces/lab7/build/planning/install.log --single-version-externally-managed install_data
[3.119s] running egg_info
[3.119s] writing ../../build/planning/planning.egg-info/PKG-INFO
[3.123s] writing dependency_links to ../../build/planning/planning.egg-info/dependency_links.txt
[3.125s] writing entry points to ../../build/planning/planning.egg-info/entry_points.txt
[3.127s] writing requirements to ../../build/planning/planning.egg-info/requires.txt
[3.129s] writing top-level names to ../../build/planning/planning.egg-info/top_level.txt
[3.139s] reading manifest file '../../build/planning/planning.egg-info/SOURCES.txt'
[3.144s] writing manifest file '../../build/planning/planning.egg-info/SOURCES.txt'
[3.145s] running build
[3.145s] running build_py
[3.151s] running install
[3.152s] running install_lib
[3.162s] running install_data
[3.166s] running install_egg_info
[3.170s] removing '/home/cc/ee106a/fa25/class/ee106a-acy/ros_workspaces/lab7/install/planning/lib/python3.10/site-packages/planning-0.0.0-py3.10.egg-info' (and everything under it)
[3.175s] Copying ../../build/planning/planning.egg-info to /home/cc/ee106a/fa25/class/ee106a-acy/ros_workspaces/lab7/install/planning/lib/python3.10/site-packages/planning-0.0.0-py3.10.egg-info
[3.211s] running install_scripts
[3.231s] Installing ik script to /home/cc/ee106a/fa25/class/ee106a-acy/ros_workspaces/lab7/install/planning/lib/planning
[3.233s] Installing main script to /home/cc/ee106a/fa25/class/ee106a-acy/ros_workspaces/lab7/install/planning/lib/planning
[3.235s] Installing tf script to /home/cc/ee106a/fa25/class/ee106a-acy/ros_workspaces/lab7/install/planning/lib/planning
[3.237s] Installing transform_cube_pose script to /home/cc/ee106a/fa25/class/ee106a-acy/ros_workspaces/lab7/install/planning/lib/planning
[3.240s] writing list of installed files to '/home/cc/ee106a/fa25/class/ee106a-acy/ros_workspaces/lab7/build/planning/install.log'
[3.345s] Invoked command in '/home/cc/ee106a/fa25/class/ee106a-acy/ros_workspaces/lab7/src/planning' returned '0': PYTHONPATH=/home/cc/ee106a/fa25/class/ee106a-acy/ros_workspaces/lab7/build/planning/prefix_override:/usr/lib/python3/dist-packages/colcon_core/task/python/colcon_distutils_commands:/home/cc/ee106a/fa25/class/ee106a-acy/ros_workspaces/lab7/install/planning/lib/python3.10/site-packages:${PYTHONPATH} /usr/bin/python3 -W ignore:setup.py install is deprecated -W ignore:easy_install command is deprecated setup.py egg_info --egg-base ../../build/planning build --build-base /home/cc/ee106a/fa25/class/ee106a-acy/ros_workspaces/lab7/build/planning/build install --record /home/cc/ee106a/fa25/class/ee106a-acy/ros_workspaces/lab7/build/planning/install.log --single-version-externally-managed install_data
