[1.089s] Invoking command in '/home/cc/ee106a/fa25/class/ee106a-acy/ros_workspaces/lab7/src/planning': PYTHONPATH=/home/cc/ee106a/fa25/class/ee106a-acy/ros_workspaces/lab7/build/planning/prefix_override:/usr/lib/python3/dist-packages/colcon_core/task/python/colcon_distutils_commands:/home/cc/ee106a/fa25/class/ee106a-acy/ros_workspaces/lab7/install/planning/lib/python3.10/site-packages:${PYTHONPATH} /usr/bin/python3 -W ignore:setup.py install is deprecated -W ignore:easy_install command is deprecated setup.py egg_info --egg-base ../../build/planning build --build-base /home/cc/ee106a/fa25/class/ee106a-acy/ros_workspaces/lab7/build/planning/build install --record /home/cc/ee106a/fa25/class/ee106a-acy/ros_workspaces/lab7/build/planning/install.log --single-version-externally-managed install_data
[1.327s] running egg_info
[1.328s] writing ../../build/planning/planning.egg-info/PKG-INFO
[1.332s] writing dependency_links to ../../build/planning/planning.egg-info/dependency_links.txt
[1.335s] writing entry points to ../../build/planning/planning.egg-info/entry_points.txt
[1.338s] writing requirements to ../../build/planning/planning.egg-info/requires.txt
[1.342s] writing top-level names to ../../build/planning/planning.egg-info/top_level.txt
[1.350s] reading manifest file '../../build/planning/planning.egg-info/SOURCES.txt'
[1.352s] writing manifest file '../../build/planning/planning.egg-info/SOURCES.txt'
[1.354s] running build
[1.354s] running build_py
[1.358s] copying planning/transform_cube_pose.py -> /home/cc/ee106a/fa25/class/ee106a-acy/ros_workspaces/lab7/build/planning/build/lib/planning
[1.362s] copying planning/static_tf_transform.py -> /home/cc/ee106a/fa25/class/ee106a-acy/ros_workspaces/lab7/build/planning/build/lib/planning
[1.367s] running install
[1.367s] running install_lib
[1.370s] copying /home/cc/ee106a/fa25/class/ee106a-acy/ros_workspaces/lab7/build/planning/build/lib/planning/transform_cube_pose.py -> /home/cc/ee106a/fa25/class/ee106a-acy/ros_workspaces/lab7/install/planning/lib/python3.10/site-packages/planning
[1.376s] copying /home/cc/ee106a/fa25/class/ee106a-acy/ros_workspaces/lab7/build/planning/build/lib/planning/static_tf_transform.py -> /home/cc/ee106a/fa25/class/ee106a-acy/ros_workspaces/lab7/install/planning/lib/python3.10/site-packages/planning
[1.384s] byte-compiling /home/cc/ee106a/fa25/class/ee106a-acy/ros_workspaces/lab7/install/planning/lib/python3.10/site-packages/planning/transform_cube_pose.py to transform_cube_pose.cpython-310.pyc
[1.392s] byte-compiling /home/cc/ee106a/fa25/class/ee106a-acy/ros_workspaces/lab7/install/planning/lib/python3.10/site-packages/planning/static_tf_transform.py to static_tf_transform.cpython-310.pyc
[1.399s] running install_data
[1.403s] running install_egg_info
[1.405s] removing '/home/cc/ee106a/fa25/class/ee106a-acy/ros_workspaces/lab7/install/planning/lib/python3.10/site-packages/planning-0.0.0-py3.10.egg-info' (and everything under it)
[1.411s] Copying ../../build/planning/planning.egg-info to /home/cc/ee106a/fa25/class/ee106a-acy/ros_workspaces/lab7/install/planning/lib/python3.10/site-packages/planning-0.0.0-py3.10.egg-info
[1.444s] running install_scripts
[1.461s] Installing ik script to /home/cc/ee106a/fa25/class/ee106a-acy/ros_workspaces/lab7/install/planning/lib/planning
[1.464s] Installing main script to /home/cc/ee106a/fa25/class/ee106a-acy/ros_workspaces/lab7/install/planning/lib/planning
[1.468s] Installing tf script to /home/cc/ee106a/fa25/class/ee106a-acy/ros_workspaces/lab7/install/planning/lib/planning
[1.471s] Installing transform_cube_pose script to /home/cc/ee106a/fa25/class/ee106a-acy/ros_workspaces/lab7/install/planning/lib/planning
[1.474s] writing list of installed files to '/home/cc/ee106a/fa25/class/ee106a-acy/ros_workspaces/lab7/build/planning/install.log'
[1.492s] Invoked command in '/home/cc/ee106a/fa25/class/ee106a-acy/ros_workspaces/lab7/src/planning' returned '0': PYTHONPATH=/home/cc/ee106a/fa25/class/ee106a-acy/ros_workspaces/lab7/build/planning/prefix_override:/usr/lib/python3/dist-packages/colcon_core/task/python/colcon_distutils_commands:/home/cc/ee106a/fa25/class/ee106a-acy/ros_workspaces/lab7/install/planning/lib/python3.10/site-packages:${PYTHONPATH} /usr/bin/python3 -W ignore:setup.py install is deprecated -W ignore:easy_install command is deprecated setup.py egg_info --egg-base ../../build/planning build --build-base /home/cc/ee106a/fa25/class/ee106a-acy/ros_workspaces/lab7/build/planning/build install --record /home/cc/ee106a/fa25/class/ee106a-acy/ros_workspaces/lab7/build/planning/install.log --single-version-externally-managed install_data
