[1.370s] Invoking command in '/home/cc/ee106a/fa25/class/ee106a-ahn/ros_workspaces/proj/EECS106A_TetrisBot/lab7/src/perception': PYTHONPATH=/home/cc/ee106a/fa25/class/ee106a-ahn/ros_workspaces/proj/EECS106A_TetrisBot/lab7/build/perception/prefix_override:/usr/lib/python3/dist-packages/colcon_core/task/python/colcon_distutils_commands:/home/cc/ee106a/fa25/class/ee106a-ahn/ros_workspaces/proj/EECS106A_TetrisBot/lab7/install/perception/lib/python3.10/site-packages:${PYTHONPATH} /usr/bin/python3 -W ignore:setup.py install is deprecated -W ignore:easy_install command is deprecated setup.py egg_info --egg-base ../../build/perception build --build-base /home/cc/ee106a/fa25/class/ee106a-ahn/ros_workspaces/proj/EECS106A_TetrisBot/lab7/build/perception/build install --record /home/cc/ee106a/fa25/class/ee106a-ahn/ros_workspaces/proj/EECS106A_TetrisBot/lab7/build/perception/install.log --single-version-externally-managed install_data
[1.586s] running egg_info
[1.587s] writing ../../build/perception/perception.egg-info/PKG-INFO
[1.591s] writing dependency_links to ../../build/perception/perception.egg-info/dependency_links.txt
[1.594s] writing entry points to ../../build/perception/perception.egg-info/entry_points.txt
[1.597s] writing requirements to ../../build/perception/perception.egg-info/requires.txt
[1.599s] writing top-level names to ../../build/perception/perception.egg-info/top_level.txt
[1.604s] reading manifest file '../../build/perception/perception.egg-info/SOURCES.txt'
[1.607s] writing manifest file '../../build/perception/perception.egg-info/SOURCES.txt'
[1.609s] running build
[1.610s] running build_py
[1.610s] copying perception/ar_tag_identify.py -> /home/cc/ee106a/fa25/class/ee106a-ahn/ros_workspaces/proj/EECS106A_TetrisBot/lab7/build/perception/build/lib/perception
[1.615s] running install
[1.615s] running install_lib
[1.617s] copying /home/cc/ee106a/fa25/class/ee106a-ahn/ros_workspaces/proj/EECS106A_TetrisBot/lab7/build/perception/build/lib/perception/ar_tag_identify.py -> /home/cc/ee106a/fa25/class/ee106a-ahn/ros_workspaces/proj/EECS106A_TetrisBot/lab7/install/perception/lib/python3.10/site-packages/perception
[1.624s] byte-compiling /home/cc/ee106a/fa25/class/ee106a-ahn/ros_workspaces/proj/EECS106A_TetrisBot/lab7/install/perception/lib/python3.10/site-packages/perception/ar_tag_identify.py to ar_tag_identify.cpython-310.pyc
[1.631s] running install_data
[1.632s] running install_egg_info
[1.634s] removing '/home/cc/ee106a/fa25/class/ee106a-ahn/ros_workspaces/proj/EECS106A_TetrisBot/lab7/install/perception/lib/python3.10/site-packages/perception-0.0.0-py3.10.egg-info' (and everything under it)
[1.639s] Copying ../../build/perception/perception.egg-info to /home/cc/ee106a/fa25/class/ee106a-ahn/ros_workspaces/proj/EECS106A_TetrisBot/lab7/install/perception/lib/python3.10/site-packages/perception-0.0.0-py3.10.egg-info
[1.678s] running install_scripts
[1.696s] Installing ar_tag_identify script to /home/cc/ee106a/fa25/class/ee106a-ahn/ros_workspaces/proj/EECS106A_TetrisBot/lab7/install/perception/lib/perception
[1.698s] Installing interactive_plane script to /home/cc/ee106a/fa25/class/ee106a-ahn/ros_workspaces/proj/EECS106A_TetrisBot/lab7/install/perception/lib/perception
[1.702s] Installing process_pointcloud script to /home/cc/ee106a/fa25/class/ee106a-ahn/ros_workspaces/proj/EECS106A_TetrisBot/lab7/install/perception/lib/perception
[1.706s] writing list of installed files to '/home/cc/ee106a/fa25/class/ee106a-ahn/ros_workspaces/proj/EECS106A_TetrisBot/lab7/build/perception/install.log'
[1.801s] Invoked command in '/home/cc/ee106a/fa25/class/ee106a-ahn/ros_workspaces/proj/EECS106A_TetrisBot/lab7/src/perception' returned '0': PYTHONPATH=/home/cc/ee106a/fa25/class/ee106a-ahn/ros_workspaces/proj/EECS106A_TetrisBot/lab7/build/perception/prefix_override:/usr/lib/python3/dist-packages/colcon_core/task/python/colcon_distutils_commands:/home/cc/ee106a/fa25/class/ee106a-ahn/ros_workspaces/proj/EECS106A_TetrisBot/lab7/install/perception/lib/python3.10/site-packages:${PYTHONPATH} /usr/bin/python3 -W ignore:setup.py install is deprecated -W ignore:easy_install command is deprecated setup.py egg_info --egg-base ../../build/perception build --build-base /home/cc/ee106a/fa25/class/ee106a-ahn/ros_workspaces/proj/EECS106A_TetrisBot/lab7/build/perception/build install --record /home/cc/ee106a/fa25/class/ee106a-ahn/ros_workspaces/proj/EECS106A_TetrisBot/lab7/build/perception/install.log --single-version-externally-managed install_data
