[2.934s] Invoking command in '/home/cc/ee106a/fa25/class/ee106a-acy/ros_workspaces/lab7/src/perception': PYTHONPATH=/home/cc/ee106a/fa25/class/ee106a-acy/ros_workspaces/lab7/build/perception/prefix_override:/usr/lib/python3/dist-packages/colcon_core/task/python/colcon_distutils_commands:/home/cc/ee106a/fa25/class/ee106a-acy/ros_workspaces/lab7/install/perception/lib/python3.10/site-packages:${PYTHONPATH} /usr/bin/python3 -W ignore:setup.py install is deprecated -W ignore:easy_install command is deprecated setup.py egg_info --egg-base ../../build/perception build --build-base /home/cc/ee106a/fa25/class/ee106a-acy/ros_workspaces/lab7/build/perception/build install --record /home/cc/ee106a/fa25/class/ee106a-acy/ros_workspaces/lab7/build/perception/install.log --single-version-externally-managed install_data
[3.136s] running egg_info
[3.137s] writing ../../build/perception/perception.egg-info/PKG-INFO
[3.140s] writing dependency_links to ../../build/perception/perception.egg-info/dependency_links.txt
[3.142s] writing entry points to ../../build/perception/perception.egg-info/entry_points.txt
[3.144s] writing requirements to ../../build/perception/perception.egg-info/requires.txt
[3.146s] writing top-level names to ../../build/perception/perception.egg-info/top_level.txt
[3.153s] reading manifest file '../../build/perception/perception.egg-info/SOURCES.txt'
[3.157s] writing manifest file '../../build/perception/perception.egg-info/SOURCES.txt'
[3.159s] running build
[3.159s] running build_py
[3.163s] running install
[3.163s] running install_lib
[3.169s] running install_data
[3.171s] running install_egg_info
[3.173s] removing '/home/cc/ee106a/fa25/class/ee106a-acy/ros_workspaces/lab7/install/perception/lib/python3.10/site-packages/perception-0.0.0-py3.10.egg-info' (and everything under it)
[3.179s] Copying ../../build/perception/perception.egg-info to /home/cc/ee106a/fa25/class/ee106a-acy/ros_workspaces/lab7/install/perception/lib/python3.10/site-packages/perception-0.0.0-py3.10.egg-info
[3.217s] running install_scripts
[3.247s] Installing interactive_plane script to /home/cc/ee106a/fa25/class/ee106a-acy/ros_workspaces/lab7/install/perception/lib/perception
[3.250s] Installing process_pointcloud script to /home/cc/ee106a/fa25/class/ee106a-acy/ros_workspaces/lab7/install/perception/lib/perception
[3.252s] writing list of installed files to '/home/cc/ee106a/fa25/class/ee106a-acy/ros_workspaces/lab7/build/perception/install.log'
[3.268s] Invoked command in '/home/cc/ee106a/fa25/class/ee106a-acy/ros_workspaces/lab7/src/perception' returned '0': PYTHONPATH=/home/cc/ee106a/fa25/class/ee106a-acy/ros_workspaces/lab7/build/perception/prefix_override:/usr/lib/python3/dist-packages/colcon_core/task/python/colcon_distutils_commands:/home/cc/ee106a/fa25/class/ee106a-acy/ros_workspaces/lab7/install/perception/lib/python3.10/site-packages:${PYTHONPATH} /usr/bin/python3 -W ignore:setup.py install is deprecated -W ignore:easy_install command is deprecated setup.py egg_info --egg-base ../../build/perception build --build-base /home/cc/ee106a/fa25/class/ee106a-acy/ros_workspaces/lab7/build/perception/build install --record /home/cc/ee106a/fa25/class/ee106a-acy/ros_workspaces/lab7/build/perception/install.log --single-version-externally-managed install_data
